INFO 2025-08-05 13:51:15,150 autoreload Watching for file changes with StatReloader
INFO 2025-08-05 13:51:48,604 autoreload /home/thiago/Projetos/gruporom/core/views/administracao/whatsapp.py changed, reloading.
INFO 2025-08-05 13:51:48,959 autoreload Watching for file changes with StatReloader
INFO 2025-08-05 13:51:59,168 autoreload /home/thiago/Projetos/gruporom/core/urls/administracao/whatsapp.py changed, reloading.
INFO 2025-08-05 13:51:59,515 autoreload Watching for file changes with StatReloader
INFO 2025-08-05 13:57:01,909 runserver [mHTTP GET /administracao/whatsapp/account/1/edit/ 200 [0.05, 127.0.0.1:48924][0m
INFO 2025-08-05 13:57:09,072 runserver [mHTTP POST /administracao/whatsapp/account/1/edit/ 200 [0.05, 127.0.0.1:48924][0m
INFO 2025-08-05 13:57:09,180 runserver [mHTTP GET /administracao/whatsapp/ 200 [0.07, 127.0.0.1:48924][0m
INFO 2025-08-05 13:57:09,212 runserver [36mHTTP GET /static/app.css 304 [0.00, 127.0.0.1:53396][0m
INFO 2025-08-05 13:57:09,212 runserver [36mHTTP GET /static/app.js 304 [0.00, 127.0.0.1:53408][0m
INFO 2025-08-05 13:57:09,214 runserver [mHTTP GET /static/style.css 200 [0.01, 127.0.0.1:48924][0m
INFO 2025-08-05 13:57:12,791 runserver [mHTTP GET /administracao/whatsapp/account/1/test/ 200 [0.02, 127.0.0.1:48924][0m
INFO 2025-08-05 13:57:37,820 runserver [mHTTP POST /administracao/whatsapp/account/1/test/ 200 [1.67, 127.0.0.1:48924][0m
INFO 2025-08-05 13:58:29,757 runserver [mHTTP GET /administracao/whatsapp/account/create/ 200 [0.05, 127.0.0.1:48924][0m
INFO 2025-08-05 13:58:36,974 runserver [mHTTP GET /administracao/whatsapp/account/1/test/ 200 [0.02, 127.0.0.1:48924][0m
INFO 2025-08-05 13:58:42,892 runserver [mHTTP GET /administracao/whatsapp/account/1/edit/ 200 [0.05, 127.0.0.1:48924][0m
INFO 2025-08-05 14:00:44,202 autoreload /home/thiago/Projetos/gruporom/core/models/whatsapp.py changed, reloading.
INFO 2025-08-05 14:00:44,569 autoreload Watching for file changes with StatReloader
INFO 2025-08-05 14:00:59,866 autoreload /home/thiago/Projetos/gruporom/core/models/__init__.py changed, reloading.
INFO 2025-08-05 14:01:00,213 autoreload Watching for file changes with StatReloader
INFO 2025-08-05 14:01:20,531 autoreload /home/thiago/Projetos/gruporom/core/forms/whatsapp.py changed, reloading.
INFO 2025-08-05 14:01:20,891 autoreload Watching for file changes with StatReloader
INFO 2025-08-05 14:02:38,817 autoreload /home/thiago/Projetos/gruporom/core/forms/whatsapp.py changed, reloading.
INFO 2025-08-05 14:02:39,162 autoreload Watching for file changes with StatReloader
INFO 2025-08-05 14:02:58,473 autoreload /home/thiago/Projetos/gruporom/core/views/administracao/whatsapp.py changed, reloading.
INFO 2025-08-05 14:02:58,826 autoreload Watching for file changes with StatReloader
INFO 2025-08-05 14:03:28,268 autoreload /home/thiago/Projetos/gruporom/core/views/administracao/whatsapp.py changed, reloading.
INFO 2025-08-05 14:03:28,622 autoreload Watching for file changes with StatReloader
INFO 2025-08-05 14:03:45,930 autoreload /home/thiago/Projetos/gruporom/core/urls/administracao/whatsapp.py changed, reloading.
INFO 2025-08-05 14:03:46,285 autoreload Watching for file changes with StatReloader
INFO 2025-08-05 14:07:45,676 runserver [mHTTP GET /administracao/whatsapp/ 200 [0.09, 127.0.0.1:45450][0m
INFO 2025-08-05 14:07:45,690 runserver [36mHTTP GET /static/app.css 304 [0.00, 127.0.0.1:45456][0m
INFO 2025-08-05 14:07:45,691 runserver [36mHTTP GET /static/style.css 304 [0.00, 127.0.0.1:45450][0m
INFO 2025-08-05 14:07:45,691 runserver [36mHTTP GET /static/app.js 304 [0.00, 127.0.0.1:45458][0m
ERROR 2025-08-05 14:07:51,203 log Internal Server Error: /administracao/whatsapp/account/1/templates/
Traceback (most recent call last):
  File "/home/thiago/Projetos/gruporom/.venv/lib/python3.11/site-packages/django/template/base.py", line 891, in _resolve_lookup
    current = current[bit]
              ~~~~~~~^^^^^
  File "/home/thiago/Projetos/gruporom/.venv/lib/python3.11/site-packages/django/template/context.py", line 88, in __getitem__
    raise KeyError(key)
KeyError: 'area'

During handling of the above exception, another exception occurred:

Traceback (most recent call last):
  File "/home/thiago/Projetos/gruporom/.venv/lib/python3.11/site-packages/django/template/base.py", line 897, in _resolve_lookup
    if isinstance(current, BaseContext) and getattr(
                                            ^^^^^^^^
AttributeError: type object 'RequestContext' has no attribute 'area'

During handling of the above exception, another exception occurred:

Traceback (most recent call last):
  File "/home/thiago/Projetos/gruporom/.venv/lib/python3.11/site-packages/django/template/base.py", line 907, in _resolve_lookup
    current = current[int(bit)]
                      ^^^^^^^^
ValueError: invalid literal for int() with base 10: 'area'

During handling of the above exception, another exception occurred:

Traceback (most recent call last):
  File "/home/thiago/Projetos/gruporom/.venv/lib/python3.11/site-packages/asgiref/sync.py", line 489, in thread_handler
    raise exc_info[1]
  File "/home/thiago/Projetos/gruporom/.venv/lib/python3.11/site-packages/django/core/handlers/exception.py", line 42, in inner
    response = await get_response(request)
               ^^^^^^^^^^^^^^^^^^^^^^^^^^^
  File "/home/thiago/Projetos/gruporom/.venv/lib/python3.11/site-packages/asgiref/sync.py", line 489, in thread_handler
    raise exc_info[1]
  File "/home/thiago/Projetos/gruporom/.venv/lib/python3.11/site-packages/django/core/handlers/base.py", line 253, in _get_response_async
    response = await wrapped_callback(
               ^^^^^^^^^^^^^^^^^^^^^^^
  File "/home/thiago/Projetos/gruporom/.venv/lib/python3.11/site-packages/asgiref/sync.py", line 439, in __call__
    ret = await asyncio.shield(exec_coro)
          ^^^^^^^^^^^^^^^^^^^^^^^^^^^^^^^
  File "/home/thiago/.local/share/uv/python/cpython-3.11.13-linux-x86_64-gnu/lib/python3.11/concurrent/futures/thread.py", line 58, in run
    result = self.fn(*self.args, **self.kwargs)
             ^^^^^^^^^^^^^^^^^^^^^^^^^^^^^^^^^^
  File "/home/thiago/Projetos/gruporom/.venv/lib/python3.11/site-packages/asgiref/sync.py", line 493, in thread_handler
    return func(*args, **kwargs)
           ^^^^^^^^^^^^^^^^^^^^^
  File "/home/thiago/.local/share/uv/python/cpython-3.11.13-linux-x86_64-gnu/lib/python3.11/contextlib.py", line 81, in inner
    return func(*args, **kwds)
           ^^^^^^^^^^^^^^^^^^^
  File "/home/thiago/Projetos/gruporom/.venv/lib/python3.11/site-packages/django/contrib/auth/decorators.py", line 59, in _view_wrapper
    return view_func(request, *args, **kwargs)
           ^^^^^^^^^^^^^^^^^^^^^^^^^^^^^^^^^^^
  File "/home/thiago/Projetos/gruporom/core/decorators.py", line 43, in wrapper
    return view_func(request, *args, **kwargs)
           ^^^^^^^^^^^^^^^^^^^^^^^^^^^^^^^^^^^
  File "/home/thiago/Projetos/gruporom/core/views/administracao/whatsapp.py", line 429, in templates_list
    return render(request, 'administracao/whatsapp/templates_list.html', context)
           ^^^^^^^^^^^^^^^^^^^^^^^^^^^^^^^^^^^^^^^^^^^^^^^^^^^^^^^^^^^^^^^^^^^^^^
  File "/home/thiago/Projetos/gruporom/.venv/lib/python3.11/site-packages/django/shortcuts.py", line 25, in render
    content = loader.render_to_string(template_name, context, request, using=using)
              ^^^^^^^^^^^^^^^^^^^^^^^^^^^^^^^^^^^^^^^^^^^^^^^^^^^^^^^^^^^^^^^^^^^^^
  File "/home/thiago/Projetos/gruporom/.venv/lib/python3.11/site-packages/django/template/loader.py", line 62, in render_to_string
    return template.render(context, request)
           ^^^^^^^^^^^^^^^^^^^^^^^^^^^^^^^^^
  File "/home/thiago/Projetos/gruporom/.venv/lib/python3.11/site-packages/django/template/backends/django.py", line 107, in render
    return self.template.render(context)
           ^^^^^^^^^^^^^^^^^^^^^^^^^^^^^
  File "/home/thiago/Projetos/gruporom/.venv/lib/python3.11/site-packages/django/template/base.py", line 171, in render
    return self._render(context)
           ^^^^^^^^^^^^^^^^^^^^^
  File "/home/thiago/Projetos/gruporom/.venv/lib/python3.11/site-packages/django/template/base.py", line 163, in _render
    return self.nodelist.render(context)
           ^^^^^^^^^^^^^^^^^^^^^^^^^^^^^
  File "/home/thiago/Projetos/gruporom/.venv/lib/python3.11/site-packages/django/template/base.py", line 1016, in render
    return SafeString("".join([node.render_annotated(context) for node in self]))
                              ^^^^^^^^^^^^^^^^^^^^^^^^^^^^^^^^^^^^^^^^^^^^^^^^^
  File "/home/thiago/Projetos/gruporom/.venv/lib/python3.11/site-packages/django/template/base.py", line 1016, in <listcomp>
    return SafeString("".join([node.render_annotated(context) for node in self]))
                               ^^^^^^^^^^^^^^^^^^^^^^^^^^^^^^
  File "/home/thiago/Projetos/gruporom/.venv/lib/python3.11/site-packages/django/template/base.py", line 977, in render_annotated
    return self.render(context)
           ^^^^^^^^^^^^^^^^^^^^
  File "/home/thiago/Projetos/gruporom/.venv/lib/python3.11/site-packages/django/template/loader_tags.py", line 159, in render
    return compiled_parent._render(context)
           ^^^^^^^^^^^^^^^^^^^^^^^^^^^^^^^^
  File "/home/thiago/Projetos/gruporom/.venv/lib/python3.11/site-packages/django/template/base.py", line 163, in _render
    return self.nodelist.render(context)
           ^^^^^^^^^^^^^^^^^^^^^^^^^^^^^
  File "/home/thiago/Projetos/gruporom/.venv/lib/python3.11/site-packages/django/template/base.py", line 1016, in render
    return SafeString("".join([node.render_annotated(context) for node in self]))
                              ^^^^^^^^^^^^^^^^^^^^^^^^^^^^^^^^^^^^^^^^^^^^^^^^^
  File "/home/thiago/Projetos/gruporom/.venv/lib/python3.11/site-packages/django/template/base.py", line 1016, in <listcomp>
    return SafeString("".join([node.render_annotated(context) for node in self]))
                               ^^^^^^^^^^^^^^^^^^^^^^^^^^^^^^
  File "/home/thiago/Projetos/gruporom/.venv/lib/python3.11/site-packages/django/template/base.py", line 977, in render_annotated
    return self.render(context)
           ^^^^^^^^^^^^^^^^^^^^
  File "/home/thiago/Projetos/gruporom/.venv/lib/python3.11/site-packages/django/template/loader_tags.py", line 210, in render
    return template.render(context)
           ^^^^^^^^^^^^^^^^^^^^^^^^
  File "/home/thiago/Projetos/gruporom/.venv/lib/python3.11/site-packages/django/template/base.py", line 173, in render
    return self._render(context)
           ^^^^^^^^^^^^^^^^^^^^^
  File "/home/thiago/Projetos/gruporom/.venv/lib/python3.11/site-packages/django/template/base.py", line 163, in _render
    return self.nodelist.render(context)
           ^^^^^^^^^^^^^^^^^^^^^^^^^^^^^
  File "/home/thiago/Projetos/gruporom/.venv/lib/python3.11/site-packages/django/template/base.py", line 1016, in render
    return SafeString("".join([node.render_annotated(context) for node in self]))
                              ^^^^^^^^^^^^^^^^^^^^^^^^^^^^^^^^^^^^^^^^^^^^^^^^^
  File "/home/thiago/Projetos/gruporom/.venv/lib/python3.11/site-packages/django/template/base.py", line 1016, in <listcomp>
    return SafeString("".join([node.render_annotated(context) for node in self]))
                               ^^^^^^^^^^^^^^^^^^^^^^^^^^^^^^
  File "/home/thiago/Projetos/gruporom/.venv/lib/python3.11/site-packages/django/template/base.py", line 977, in render_annotated
    return self.render(context)
           ^^^^^^^^^^^^^^^^^^^^
  File "/home/thiago/Projetos/gruporom/.venv/lib/python3.11/site-packages/django/template/loader_tags.py", line 182, in render
    template = self.template.resolve(context)
               ^^^^^^^^^^^^^^^^^^^^^^^^^^^^^^
  File "/home/thiago/Projetos/gruporom/.venv/lib/python3.11/site-packages/django/template/base.py", line 743, in resolve
    arg_vals.append(arg.resolve(context))
                    ^^^^^^^^^^^^^^^^^^^^
  File "/home/thiago/Projetos/gruporom/.venv/lib/python3.11/site-packages/django/template/base.py", line 854, in resolve
    value = self._resolve_lookup(context)
            ^^^^^^^^^^^^^^^^^^^^^^^^^^^^^
  File "/home/thiago/Projetos/gruporom/.venv/lib/python3.11/site-packages/django/template/base.py", line 914, in _resolve_lookup
    raise VariableDoesNotExist(
django.template.base.VariableDoesNotExist: Failed lookup for key [area] in [{'True': True, 'False': False, 'None': None}, {}, {}, {'account': <WhatsAppAccount: Grupo ROM - Teste (+15551823792)>, 'page_obj': <Page 1 of 1>, 'search': '', 'status_filter': '', 'category_filter': '', 'stats': {'total': 0, 'approved': 0, 'pending': 0, 'rejected': 0}, 'status_choices': [('pending', 'Pendente'), ('approved', 'Aprovado'), ('rejected', 'Rejeitado'), ('disabled', 'Desabilitado')], 'category_choices': [('marketing', 'Marketing'), ('utility', 'Utilidade'), ('authentication', 'Autentica√ß√£o')]}]
ERROR 2025-08-05 14:07:51,206 runserver [35;1mHTTP GET /administracao/whatsapp/account/1/templates/ 500 [0.08, 127.0.0.1:45450][0m
ERROR 2025-08-05 14:07:59,495 log Internal Server Error: /administracao/whatsapp/account/1/templates/
Traceback (most recent call last):
  File "/home/thiago/Projetos/gruporom/.venv/lib/python3.11/site-packages/django/template/base.py", line 891, in _resolve_lookup
    current = current[bit]
              ~~~~~~~^^^^^
  File "/home/thiago/Projetos/gruporom/.venv/lib/python3.11/site-packages/django/template/context.py", line 88, in __getitem__
    raise KeyError(key)
KeyError: 'area'

During handling of the above exception, another exception occurred:

Traceback (most recent call last):
  File "/home/thiago/Projetos/gruporom/.venv/lib/python3.11/site-packages/django/template/base.py", line 897, in _resolve_lookup
    if isinstance(current, BaseContext) and getattr(
                                            ^^^^^^^^
AttributeError: type object 'RequestContext' has no attribute 'area'

During handling of the above exception, another exception occurred:

Traceback (most recent call last):
  File "/home/thiago/Projetos/gruporom/.venv/lib/python3.11/site-packages/django/template/base.py", line 907, in _resolve_lookup
    current = current[int(bit)]
                      ^^^^^^^^
ValueError: invalid literal for int() with base 10: 'area'

During handling of the above exception, another exception occurred:

Traceback (most recent call last):
  File "/home/thiago/Projetos/gruporom/.venv/lib/python3.11/site-packages/asgiref/sync.py", line 489, in thread_handler
    raise exc_info[1]
  File "/home/thiago/Projetos/gruporom/.venv/lib/python3.11/site-packages/django/core/handlers/exception.py", line 42, in inner
    response = await get_response(request)
               ^^^^^^^^^^^^^^^^^^^^^^^^^^^
  File "/home/thiago/Projetos/gruporom/.venv/lib/python3.11/site-packages/asgiref/sync.py", line 489, in thread_handler
    raise exc_info[1]
  File "/home/thiago/Projetos/gruporom/.venv/lib/python3.11/site-packages/django/core/handlers/base.py", line 253, in _get_response_async
    response = await wrapped_callback(
               ^^^^^^^^^^^^^^^^^^^^^^^
  File "/home/thiago/Projetos/gruporom/.venv/lib/python3.11/site-packages/asgiref/sync.py", line 439, in __call__
    ret = await asyncio.shield(exec_coro)
          ^^^^^^^^^^^^^^^^^^^^^^^^^^^^^^^
  File "/home/thiago/.local/share/uv/python/cpython-3.11.13-linux-x86_64-gnu/lib/python3.11/concurrent/futures/thread.py", line 58, in run
    result = self.fn(*self.args, **self.kwargs)
             ^^^^^^^^^^^^^^^^^^^^^^^^^^^^^^^^^^
  File "/home/thiago/Projetos/gruporom/.venv/lib/python3.11/site-packages/asgiref/sync.py", line 493, in thread_handler
    return func(*args, **kwargs)
           ^^^^^^^^^^^^^^^^^^^^^
  File "/home/thiago/.local/share/uv/python/cpython-3.11.13-linux-x86_64-gnu/lib/python3.11/contextlib.py", line 81, in inner
    return func(*args, **kwds)
           ^^^^^^^^^^^^^^^^^^^
  File "/home/thiago/Projetos/gruporom/.venv/lib/python3.11/site-packages/django/contrib/auth/decorators.py", line 59, in _view_wrapper
    return view_func(request, *args, **kwargs)
           ^^^^^^^^^^^^^^^^^^^^^^^^^^^^^^^^^^^
  File "/home/thiago/Projetos/gruporom/core/decorators.py", line 43, in wrapper
    return view_func(request, *args, **kwargs)
           ^^^^^^^^^^^^^^^^^^^^^^^^^^^^^^^^^^^
  File "/home/thiago/Projetos/gruporom/core/views/administracao/whatsapp.py", line 429, in templates_list
    return render(request, 'administracao/whatsapp/templates_list.html', context)
           ^^^^^^^^^^^^^^^^^^^^^^^^^^^^^^^^^^^^^^^^^^^^^^^^^^^^^^^^^^^^^^^^^^^^^^
  File "/home/thiago/Projetos/gruporom/.venv/lib/python3.11/site-packages/django/shortcuts.py", line 25, in render
    content = loader.render_to_string(template_name, context, request, using=using)
              ^^^^^^^^^^^^^^^^^^^^^^^^^^^^^^^^^^^^^^^^^^^^^^^^^^^^^^^^^^^^^^^^^^^^^
  File "/home/thiago/Projetos/gruporom/.venv/lib/python3.11/site-packages/django/template/loader.py", line 62, in render_to_string
    return template.render(context, request)
           ^^^^^^^^^^^^^^^^^^^^^^^^^^^^^^^^^
  File "/home/thiago/Projetos/gruporom/.venv/lib/python3.11/site-packages/django/template/backends/django.py", line 107, in render
    return self.template.render(context)
           ^^^^^^^^^^^^^^^^^^^^^^^^^^^^^
  File "/home/thiago/Projetos/gruporom/.venv/lib/python3.11/site-packages/django/template/base.py", line 171, in render
    return self._render(context)
           ^^^^^^^^^^^^^^^^^^^^^
  File "/home/thiago/Projetos/gruporom/.venv/lib/python3.11/site-packages/django/template/base.py", line 163, in _render
    return self.nodelist.render(context)
           ^^^^^^^^^^^^^^^^^^^^^^^^^^^^^
  File "/home/thiago/Projetos/gruporom/.venv/lib/python3.11/site-packages/django/template/base.py", line 1016, in render
    return SafeString("".join([node.render_annotated(context) for node in self]))
                              ^^^^^^^^^^^^^^^^^^^^^^^^^^^^^^^^^^^^^^^^^^^^^^^^^
  File "/home/thiago/Projetos/gruporom/.venv/lib/python3.11/site-packages/django/template/base.py", line 1016, in <listcomp>
    return SafeString("".join([node.render_annotated(context) for node in self]))
                               ^^^^^^^^^^^^^^^^^^^^^^^^^^^^^^
  File "/home/thiago/Projetos/gruporom/.venv/lib/python3.11/site-packages/django/template/base.py", line 977, in render_annotated
    return self.render(context)
           ^^^^^^^^^^^^^^^^^^^^
  File "/home/thiago/Projetos/gruporom/.venv/lib/python3.11/site-packages/django/template/loader_tags.py", line 159, in render
    return compiled_parent._render(context)
           ^^^^^^^^^^^^^^^^^^^^^^^^^^^^^^^^
  File "/home/thiago/Projetos/gruporom/.venv/lib/python3.11/site-packages/django/template/base.py", line 163, in _render
    return self.nodelist.render(context)
           ^^^^^^^^^^^^^^^^^^^^^^^^^^^^^
  File "/home/thiago/Projetos/gruporom/.venv/lib/python3.11/site-packages/django/template/base.py", line 1016, in render
    return SafeString("".join([node.render_annotated(context) for node in self]))
                              ^^^^^^^^^^^^^^^^^^^^^^^^^^^^^^^^^^^^^^^^^^^^^^^^^
  File "/home/thiago/Projetos/gruporom/.venv/lib/python3.11/site-packages/django/template/base.py", line 1016, in <listcomp>
    return SafeString("".join([node.render_annotated(context) for node in self]))
                               ^^^^^^^^^^^^^^^^^^^^^^^^^^^^^^
  File "/home/thiago/Projetos/gruporom/.venv/lib/python3.11/site-packages/django/template/base.py", line 977, in render_annotated
    return self.render(context)
           ^^^^^^^^^^^^^^^^^^^^
  File "/home/thiago/Projetos/gruporom/.venv/lib/python3.11/site-packages/django/template/loader_tags.py", line 210, in render
    return template.render(context)
           ^^^^^^^^^^^^^^^^^^^^^^^^
  File "/home/thiago/Projetos/gruporom/.venv/lib/python3.11/site-packages/django/template/base.py", line 173, in render
    return self._render(context)
           ^^^^^^^^^^^^^^^^^^^^^
  File "/home/thiago/Projetos/gruporom/.venv/lib/python3.11/site-packages/django/template/base.py", line 163, in _render
    return self.nodelist.render(context)
           ^^^^^^^^^^^^^^^^^^^^^^^^^^^^^
  File "/home/thiago/Projetos/gruporom/.venv/lib/python3.11/site-packages/django/template/base.py", line 1016, in render
    return SafeString("".join([node.render_annotated(context) for node in self]))
                              ^^^^^^^^^^^^^^^^^^^^^^^^^^^^^^^^^^^^^^^^^^^^^^^^^
  File "/home/thiago/Projetos/gruporom/.venv/lib/python3.11/site-packages/django/template/base.py", line 1016, in <listcomp>
    return SafeString("".join([node.render_annotated(context) for node in self]))
                               ^^^^^^^^^^^^^^^^^^^^^^^^^^^^^^
  File "/home/thiago/Projetos/gruporom/.venv/lib/python3.11/site-packages/django/template/base.py", line 977, in render_annotated
    return self.render(context)
           ^^^^^^^^^^^^^^^^^^^^
  File "/home/thiago/Projetos/gruporom/.venv/lib/python3.11/site-packages/django/template/loader_tags.py", line 182, in render
    template = self.template.resolve(context)
               ^^^^^^^^^^^^^^^^^^^^^^^^^^^^^^
  File "/home/thiago/Projetos/gruporom/.venv/lib/python3.11/site-packages/django/template/base.py", line 743, in resolve
    arg_vals.append(arg.resolve(context))
                    ^^^^^^^^^^^^^^^^^^^^
  File "/home/thiago/Projetos/gruporom/.venv/lib/python3.11/site-packages/django/template/base.py", line 854, in resolve
    value = self._resolve_lookup(context)
            ^^^^^^^^^^^^^^^^^^^^^^^^^^^^^
  File "/home/thiago/Projetos/gruporom/.venv/lib/python3.11/site-packages/django/template/base.py", line 914, in _resolve_lookup
    raise VariableDoesNotExist(
django.template.base.VariableDoesNotExist: Failed lookup for key [area] in [{'True': True, 'False': False, 'None': None}, {}, {}, {'account': <WhatsAppAccount: Grupo ROM - Teste (+15551823792)>, 'page_obj': <Page 1 of 1>, 'search': '', 'status_filter': '', 'category_filter': '', 'stats': {'total': 0, 'approved': 0, 'pending': 0, 'rejected': 0}, 'status_choices': [('pending', 'Pendente'), ('approved', 'Aprovado'), ('rejected', 'Rejeitado'), ('disabled', 'Desabilitado')], 'category_choices': [('marketing', 'Marketing'), ('utility', 'Utilidade'), ('authentication', 'Autentica√ß√£o')]}]
ERROR 2025-08-05 14:07:59,498 runserver [35;1mHTTP GET /administracao/whatsapp/account/1/templates/ 500 [0.08, 127.0.0.1:45450][0m
INFO 2025-08-05 14:08:38,747 autoreload /home/thiago/Projetos/gruporom/core/views/administracao/whatsapp.py changed, reloading.
INFO 2025-08-05 14:08:39,108 autoreload Watching for file changes with StatReloader
INFO 2025-08-05 14:08:45,900 runserver [mHTTP GET /administracao/whatsapp/account/1/templates/ 200 [0.07, 127.0.0.1:47712][0m
INFO 2025-08-05 14:08:54,543 runserver [mHTTP GET /administracao/whatsapp/template/create/ 200 [0.05, 127.0.0.1:47712][0m
INFO 2025-08-05 14:14:30,874 runserver [mHTTP POST /administracao/whatsapp/template/create/ 200 [0.03, 127.0.0.1:36100][0m
INFO 2025-08-05 14:14:30,933 runserver [mHTTP GET /administracao/whatsapp/account/1/templates/ 200 [0.05, 127.0.0.1:36100][0m
INFO 2025-08-05 14:14:30,947 runserver [36mHTTP GET /static/logo_gruporom.svg 304 [0.00, 127.0.0.1:36100][0m
ERROR 2025-08-05 14:14:47,144 log Internal Server Error: /administracao/whatsapp/template/1/preview/
Traceback (most recent call last):
  File "/home/thiago/Projetos/gruporom/.venv/lib/python3.11/site-packages/asgiref/sync.py", line 489, in thread_handler
    raise exc_info[1]
  File "/home/thiago/Projetos/gruporom/.venv/lib/python3.11/site-packages/django/core/handlers/exception.py", line 42, in inner
    response = await get_response(request)
               ^^^^^^^^^^^^^^^^^^^^^^^^^^^
  File "/home/thiago/Projetos/gruporom/.venv/lib/python3.11/site-packages/asgiref/sync.py", line 489, in thread_handler
    raise exc_info[1]
  File "/home/thiago/Projetos/gruporom/.venv/lib/python3.11/site-packages/django/core/handlers/base.py", line 253, in _get_response_async
    response = await wrapped_callback(
               ^^^^^^^^^^^^^^^^^^^^^^^
  File "/home/thiago/Projetos/gruporom/.venv/lib/python3.11/site-packages/asgiref/sync.py", line 439, in __call__
    ret = await asyncio.shield(exec_coro)
          ^^^^^^^^^^^^^^^^^^^^^^^^^^^^^^^
  File "/home/thiago/.local/share/uv/python/cpython-3.11.13-linux-x86_64-gnu/lib/python3.11/concurrent/futures/thread.py", line 58, in run
    result = self.fn(*self.args, **self.kwargs)
             ^^^^^^^^^^^^^^^^^^^^^^^^^^^^^^^^^^
  File "/home/thiago/Projetos/gruporom/.venv/lib/python3.11/site-packages/asgiref/sync.py", line 493, in thread_handler
    return func(*args, **kwargs)
           ^^^^^^^^^^^^^^^^^^^^^
  File "/home/thiago/.local/share/uv/python/cpython-3.11.13-linux-x86_64-gnu/lib/python3.11/contextlib.py", line 81, in inner
    return func(*args, **kwds)
           ^^^^^^^^^^^^^^^^^^^
  File "/home/thiago/Projetos/gruporom/.venv/lib/python3.11/site-packages/django/contrib/auth/decorators.py", line 59, in _view_wrapper
    return view_func(request, *args, **kwargs)
           ^^^^^^^^^^^^^^^^^^^^^^^^^^^^^^^^^^^
  File "/home/thiago/Projetos/gruporom/core/decorators.py", line 43, in wrapper
    return view_func(request, *args, **kwargs)
           ^^^^^^^^^^^^^^^^^^^^^^^^^^^^^^^^^^^
  File "/home/thiago/Projetos/gruporom/core/views/administracao/whatsapp.py", line 559, in template_preview_modal
    return render(request, 'administracao/whatsapp/modals/template_preview.html', {
           ^^^^^^^^^^^^^^^^^^^^^^^^^^^^^^^^^^^^^^^^^^^^^^^^^^^^^^^^^^^^^^^^^^^^^^^^
  File "/home/thiago/Projetos/gruporom/.venv/lib/python3.11/site-packages/django/shortcuts.py", line 25, in render
    content = loader.render_to_string(template_name, context, request, using=using)
              ^^^^^^^^^^^^^^^^^^^^^^^^^^^^^^^^^^^^^^^^^^^^^^^^^^^^^^^^^^^^^^^^^^^^^
  File "/home/thiago/Projetos/gruporom/.venv/lib/python3.11/site-packages/django/template/loader.py", line 61, in render_to_string
    template = get_template(template_name, using=using)
               ^^^^^^^^^^^^^^^^^^^^^^^^^^^^^^^^^^^^^^^^
  File "/home/thiago/Projetos/gruporom/.venv/lib/python3.11/site-packages/django/template/loader.py", line 15, in get_template
    return engine.get_template(template_name)
           ^^^^^^^^^^^^^^^^^^^^^^^^^^^^^^^^^^
  File "/home/thiago/Projetos/gruporom/.venv/lib/python3.11/site-packages/django/template/backends/django.py", line 79, in get_template
    return Template(self.engine.get_template(template_name), self)
                    ^^^^^^^^^^^^^^^^^^^^^^^^^^^^^^^^^^^^^^^
  File "/home/thiago/Projetos/gruporom/.venv/lib/python3.11/site-packages/django/template/engine.py", line 177, in get_template
    template, origin = self.find_template(template_name)
                       ^^^^^^^^^^^^^^^^^^^^^^^^^^^^^^^^^
  File "/home/thiago/Projetos/gruporom/.venv/lib/python3.11/site-packages/django/template/engine.py", line 159, in find_template
    template = loader.get_template(name, skip=skip)
               ^^^^^^^^^^^^^^^^^^^^^^^^^^^^^^^^^^^^
  File "/home/thiago/Projetos/gruporom/.venv/lib/python3.11/site-packages/django/template/loaders/cached.py", line 57, in get_template
    template = super().get_template(template_name, skip)
               ^^^^^^^^^^^^^^^^^^^^^^^^^^^^^^^^^^^^^^^^^
  File "/home/thiago/Projetos/gruporom/.venv/lib/python3.11/site-packages/django/template/loaders/base.py", line 28, in get_template
    return Template(
           ^^^^^^^^^
  File "/home/thiago/Projetos/gruporom/.venv/lib/python3.11/site-packages/django/template/base.py", line 154, in __init__
    self.nodelist = self.compile_nodelist()
                    ^^^^^^^^^^^^^^^^^^^^^^^
  File "/home/thiago/Projetos/gruporom/.venv/lib/python3.11/site-packages/django/template/base.py", line 196, in compile_nodelist
    nodelist = parser.parse()
               ^^^^^^^^^^^^^^
  File "/home/thiago/Projetos/gruporom/.venv/lib/python3.11/site-packages/django/template/base.py", line 518, in parse
    raise self.error(token, e)
  File "/home/thiago/Projetos/gruporom/.venv/lib/python3.11/site-packages/django/template/base.py", line 516, in parse
    compiled_result = compile_func(self, token)
                      ^^^^^^^^^^^^^^^^^^^^^^^^^
  File "/home/thiago/Projetos/gruporom/.venv/lib/python3.11/site-packages/django/template/defaulttags.py", line 962, in do_if
    nodelist = parser.parse(("elif", "else", "endif"))
               ^^^^^^^^^^^^^^^^^^^^^^^^^^^^^^^^^^^^^^^
  File "/home/thiago/Projetos/gruporom/.venv/lib/python3.11/site-packages/django/template/base.py", line 518, in parse
    raise self.error(token, e)
  File "/home/thiago/Projetos/gruporom/.venv/lib/python3.11/site-packages/django/template/base.py", line 516, in parse
    compiled_result = compile_func(self, token)
                      ^^^^^^^^^^^^^^^^^^^^^^^^^
  File "/home/thiago/Projetos/gruporom/.venv/lib/python3.11/site-packages/django/template/defaulttags.py", line 862, in do_for
    nodelist_loop = parser.parse(
                    ^^^^^^^^^^^^^
  File "/home/thiago/Projetos/gruporom/.venv/lib/python3.11/site-packages/django/template/base.py", line 518, in parse
    raise self.error(token, e)
  File "/home/thiago/Projetos/gruporom/.venv/lib/python3.11/site-packages/django/template/base.py", line 516, in parse
    compiled_result = compile_func(self, token)
                      ^^^^^^^^^^^^^^^^^^^^^^^^^
  File "/home/thiago/Projetos/gruporom/.venv/lib/python3.11/site-packages/django/template/defaulttags.py", line 962, in do_if
    nodelist = parser.parse(("elif", "else", "endif"))
               ^^^^^^^^^^^^^^^^^^^^^^^^^^^^^^^^^^^^^^^
  File "/home/thiago/Projetos/gruporom/.venv/lib/python3.11/site-packages/django/template/base.py", line 489, in parse
    raise self.error(token, e)
  File "/home/thiago/Projetos/gruporom/.venv/lib/python3.11/site-packages/django/template/base.py", line 487, in parse
    filter_expression = self.compile_filter(token.contents)
                        ^^^^^^^^^^^^^^^^^^^^^^^^^^^^^^^^^^^
  File "/home/thiago/Projetos/gruporom/.venv/lib/python3.11/site-packages/django/template/base.py", line 609, in compile_filter
    return FilterExpression(token, self)
           ^^^^^^^^^^^^^^^^^^^^^^^^^^^^^
  File "/home/thiago/Projetos/gruporom/.venv/lib/python3.11/site-packages/django/template/base.py", line 710, in __init__
    raise TemplateSyntaxError(
django.template.exceptions.TemplateSyntaxError: Could not parse the remainder: '{{ var_num' from '{{ var_num'
ERROR 2025-08-05 14:14:47,147 runserver [35;1mHTTP GET /administracao/whatsapp/template/1/preview/ 500 [0.04, 127.0.0.1:36100][0m
INFO 2025-08-05 14:16:40,091 runserver [mHTTP GET /administracao/whatsapp/account/1/templates/ 200 [0.04, 127.0.0.1:51014][0m
ERROR 2025-08-05 14:16:59,042 log Internal Server Error: /administracao/whatsapp/template/1/preview/
Traceback (most recent call last):
  File "/home/thiago/Projetos/gruporom/.venv/lib/python3.11/site-packages/asgiref/sync.py", line 489, in thread_handler
    raise exc_info[1]
  File "/home/thiago/Projetos/gruporom/.venv/lib/python3.11/site-packages/django/core/handlers/exception.py", line 42, in inner
    response = await get_response(request)
               ^^^^^^^^^^^^^^^^^^^^^^^^^^^
  File "/home/thiago/Projetos/gruporom/.venv/lib/python3.11/site-packages/asgiref/sync.py", line 489, in thread_handler
    raise exc_info[1]
  File "/home/thiago/Projetos/gruporom/.venv/lib/python3.11/site-packages/django/core/handlers/base.py", line 253, in _get_response_async
    response = await wrapped_callback(
               ^^^^^^^^^^^^^^^^^^^^^^^
  File "/home/thiago/Projetos/gruporom/.venv/lib/python3.11/site-packages/asgiref/sync.py", line 439, in __call__
    ret = await asyncio.shield(exec_coro)
          ^^^^^^^^^^^^^^^^^^^^^^^^^^^^^^^
  File "/home/thiago/.local/share/uv/python/cpython-3.11.13-linux-x86_64-gnu/lib/python3.11/concurrent/futures/thread.py", line 58, in run
    result = self.fn(*self.args, **self.kwargs)
             ^^^^^^^^^^^^^^^^^^^^^^^^^^^^^^^^^^
  File "/home/thiago/Projetos/gruporom/.venv/lib/python3.11/site-packages/asgiref/sync.py", line 493, in thread_handler
    return func(*args, **kwargs)
           ^^^^^^^^^^^^^^^^^^^^^
  File "/home/thiago/.local/share/uv/python/cpython-3.11.13-linux-x86_64-gnu/lib/python3.11/contextlib.py", line 81, in inner
    return func(*args, **kwds)
           ^^^^^^^^^^^^^^^^^^^
  File "/home/thiago/Projetos/gruporom/.venv/lib/python3.11/site-packages/django/contrib/auth/decorators.py", line 59, in _view_wrapper
    return view_func(request, *args, **kwargs)
           ^^^^^^^^^^^^^^^^^^^^^^^^^^^^^^^^^^^
  File "/home/thiago/Projetos/gruporom/core/decorators.py", line 43, in wrapper
    return view_func(request, *args, **kwargs)
           ^^^^^^^^^^^^^^^^^^^^^^^^^^^^^^^^^^^
  File "/home/thiago/Projetos/gruporom/core/views/administracao/whatsapp.py", line 559, in template_preview_modal
    return render(request, 'administracao/whatsapp/modals/template_preview.html', {
           ^^^^^^^^^^^^^^^^^^^^^^^^^^^^^^^^^^^^^^^^^^^^^^^^^^^^^^^^^^^^^^^^^^^^^^^^
  File "/home/thiago/Projetos/gruporom/.venv/lib/python3.11/site-packages/django/shortcuts.py", line 25, in render
    content = loader.render_to_string(template_name, context, request, using=using)
              ^^^^^^^^^^^^^^^^^^^^^^^^^^^^^^^^^^^^^^^^^^^^^^^^^^^^^^^^^^^^^^^^^^^^^
  File "/home/thiago/Projetos/gruporom/.venv/lib/python3.11/site-packages/django/template/loader.py", line 61, in render_to_string
    template = get_template(template_name, using=using)
               ^^^^^^^^^^^^^^^^^^^^^^^^^^^^^^^^^^^^^^^^
  File "/home/thiago/Projetos/gruporom/.venv/lib/python3.11/site-packages/django/template/loader.py", line 15, in get_template
    return engine.get_template(template_name)
           ^^^^^^^^^^^^^^^^^^^^^^^^^^^^^^^^^^
  File "/home/thiago/Projetos/gruporom/.venv/lib/python3.11/site-packages/django/template/backends/django.py", line 79, in get_template
    return Template(self.engine.get_template(template_name), self)
                    ^^^^^^^^^^^^^^^^^^^^^^^^^^^^^^^^^^^^^^^
  File "/home/thiago/Projetos/gruporom/.venv/lib/python3.11/site-packages/django/template/engine.py", line 177, in get_template
    template, origin = self.find_template(template_name)
                       ^^^^^^^^^^^^^^^^^^^^^^^^^^^^^^^^^
  File "/home/thiago/Projetos/gruporom/.venv/lib/python3.11/site-packages/django/template/engine.py", line 159, in find_template
    template = loader.get_template(name, skip=skip)
               ^^^^^^^^^^^^^^^^^^^^^^^^^^^^^^^^^^^^
  File "/home/thiago/Projetos/gruporom/.venv/lib/python3.11/site-packages/django/template/loaders/cached.py", line 57, in get_template
    template = super().get_template(template_name, skip)
               ^^^^^^^^^^^^^^^^^^^^^^^^^^^^^^^^^^^^^^^^^
  File "/home/thiago/Projetos/gruporom/.venv/lib/python3.11/site-packages/django/template/loaders/base.py", line 28, in get_template
    return Template(
           ^^^^^^^^^
  File "/home/thiago/Projetos/gruporom/.venv/lib/python3.11/site-packages/django/template/base.py", line 154, in __init__
    self.nodelist = self.compile_nodelist()
                    ^^^^^^^^^^^^^^^^^^^^^^^
  File "/home/thiago/Projetos/gruporom/.venv/lib/python3.11/site-packages/django/template/base.py", line 196, in compile_nodelist
    nodelist = parser.parse()
               ^^^^^^^^^^^^^^
  File "/home/thiago/Projetos/gruporom/.venv/lib/python3.11/site-packages/django/template/base.py", line 518, in parse
    raise self.error(token, e)
  File "/home/thiago/Projetos/gruporom/.venv/lib/python3.11/site-packages/django/template/base.py", line 516, in parse
    compiled_result = compile_func(self, token)
                      ^^^^^^^^^^^^^^^^^^^^^^^^^
  File "/home/thiago/Projetos/gruporom/.venv/lib/python3.11/site-packages/django/template/defaulttags.py", line 962, in do_if
    nodelist = parser.parse(("elif", "else", "endif"))
               ^^^^^^^^^^^^^^^^^^^^^^^^^^^^^^^^^^^^^^^
  File "/home/thiago/Projetos/gruporom/.venv/lib/python3.11/site-packages/django/template/base.py", line 518, in parse
    raise self.error(token, e)
  File "/home/thiago/Projetos/gruporom/.venv/lib/python3.11/site-packages/django/template/base.py", line 516, in parse
    compiled_result = compile_func(self, token)
                      ^^^^^^^^^^^^^^^^^^^^^^^^^
  File "/home/thiago/Projetos/gruporom/.venv/lib/python3.11/site-packages/django/template/defaulttags.py", line 862, in do_for
    nodelist_loop = parser.parse(
                    ^^^^^^^^^^^^^
  File "/home/thiago/Projetos/gruporom/.venv/lib/python3.11/site-packages/django/template/base.py", line 518, in parse
    raise self.error(token, e)
  File "/home/thiago/Projetos/gruporom/.venv/lib/python3.11/site-packages/django/template/base.py", line 516, in parse
    compiled_result = compile_func(self, token)
                      ^^^^^^^^^^^^^^^^^^^^^^^^^
  File "/home/thiago/Projetos/gruporom/.venv/lib/python3.11/site-packages/django/template/defaulttags.py", line 962, in do_if
    nodelist = parser.parse(("elif", "else", "endif"))
               ^^^^^^^^^^^^^^^^^^^^^^^^^^^^^^^^^^^^^^^
  File "/home/thiago/Projetos/gruporom/.venv/lib/python3.11/site-packages/django/template/base.py", line 489, in parse
    raise self.error(token, e)
  File "/home/thiago/Projetos/gruporom/.venv/lib/python3.11/site-packages/django/template/base.py", line 487, in parse
    filter_expression = self.compile_filter(token.contents)
                        ^^^^^^^^^^^^^^^^^^^^^^^^^^^^^^^^^^^
  File "/home/thiago/Projetos/gruporom/.venv/lib/python3.11/site-packages/django/template/base.py", line 609, in compile_filter
    return FilterExpression(token, self)
           ^^^^^^^^^^^^^^^^^^^^^^^^^^^^^
  File "/home/thiago/Projetos/gruporom/.venv/lib/python3.11/site-packages/django/template/base.py", line 710, in __init__
    raise TemplateSyntaxError(
django.template.exceptions.TemplateSyntaxError: Could not parse the remainder: '{{ var_num' from '{{ var_num'
ERROR 2025-08-05 14:16:59,045 runserver [35;1mHTTP GET /administracao/whatsapp/template/1/preview/ 500 [0.04, 127.0.0.1:51014][0m
INFO 2025-08-05 14:17:02,607 runserver [mHTTP GET /administracao/whatsapp/template/1/edit/ 200 [0.04, 127.0.0.1:51014][0m
INFO 2025-08-05 14:18:47,005 runserver [mHTTP GET /administracao/whatsapp/template/1/edit/ 200 [0.04, 127.0.0.1:40044][0m
INFO 2025-08-05 14:18:49,809 runserver [mHTTP POST /administracao/whatsapp/template/1/edit/ 200 [0.05, 127.0.0.1:40044][0m
INFO 2025-08-05 14:18:49,894 runserver [mHTTP GET /administracao/whatsapp/account/1/templates/ 200 [0.05, 127.0.0.1:40044][0m
INFO 2025-08-05 14:18:49,909 runserver [36mHTTP GET /static/style.css 304 [0.00, 127.0.0.1:40044][0m
INFO 2025-08-05 14:18:49,910 runserver [36mHTTP GET /static/app.js 304 [0.00, 127.0.0.1:40072][0m
INFO 2025-08-05 14:18:49,911 runserver [36mHTTP GET /static/app.css 304 [0.00, 127.0.0.1:40060][0m
ERROR 2025-08-05 14:19:06,874 log Internal Server Error: /administracao/whatsapp/template/1/preview/
Traceback (most recent call last):
  File "/home/thiago/Projetos/gruporom/.venv/lib/python3.11/site-packages/asgiref/sync.py", line 489, in thread_handler
    raise exc_info[1]
  File "/home/thiago/Projetos/gruporom/.venv/lib/python3.11/site-packages/django/core/handlers/exception.py", line 42, in inner
    response = await get_response(request)
               ^^^^^^^^^^^^^^^^^^^^^^^^^^^
  File "/home/thiago/Projetos/gruporom/.venv/lib/python3.11/site-packages/asgiref/sync.py", line 489, in thread_handler
    raise exc_info[1]
  File "/home/thiago/Projetos/gruporom/.venv/lib/python3.11/site-packages/django/core/handlers/base.py", line 253, in _get_response_async
    response = await wrapped_callback(
               ^^^^^^^^^^^^^^^^^^^^^^^
  File "/home/thiago/Projetos/gruporom/.venv/lib/python3.11/site-packages/asgiref/sync.py", line 439, in __call__
    ret = await asyncio.shield(exec_coro)
          ^^^^^^^^^^^^^^^^^^^^^^^^^^^^^^^
  File "/home/thiago/.local/share/uv/python/cpython-3.11.13-linux-x86_64-gnu/lib/python3.11/concurrent/futures/thread.py", line 58, in run
    result = self.fn(*self.args, **self.kwargs)
             ^^^^^^^^^^^^^^^^^^^^^^^^^^^^^^^^^^
  File "/home/thiago/Projetos/gruporom/.venv/lib/python3.11/site-packages/asgiref/sync.py", line 493, in thread_handler
    return func(*args, **kwargs)
           ^^^^^^^^^^^^^^^^^^^^^
  File "/home/thiago/.local/share/uv/python/cpython-3.11.13-linux-x86_64-gnu/lib/python3.11/contextlib.py", line 81, in inner
    return func(*args, **kwds)
           ^^^^^^^^^^^^^^^^^^^
  File "/home/thiago/Projetos/gruporom/.venv/lib/python3.11/site-packages/django/contrib/auth/decorators.py", line 59, in _view_wrapper
    return view_func(request, *args, **kwargs)
           ^^^^^^^^^^^^^^^^^^^^^^^^^^^^^^^^^^^
  File "/home/thiago/Projetos/gruporom/core/decorators.py", line 43, in wrapper
    return view_func(request, *args, **kwargs)
           ^^^^^^^^^^^^^^^^^^^^^^^^^^^^^^^^^^^
  File "/home/thiago/Projetos/gruporom/core/views/administracao/whatsapp.py", line 559, in template_preview_modal
    return render(request, 'administracao/whatsapp/modals/template_preview.html', {
           ^^^^^^^^^^^^^^^^^^^^^^^^^^^^^^^^^^^^^^^^^^^^^^^^^^^^^^^^^^^^^^^^^^^^^^^^
  File "/home/thiago/Projetos/gruporom/.venv/lib/python3.11/site-packages/django/shortcuts.py", line 25, in render
    content = loader.render_to_string(template_name, context, request, using=using)
              ^^^^^^^^^^^^^^^^^^^^^^^^^^^^^^^^^^^^^^^^^^^^^^^^^^^^^^^^^^^^^^^^^^^^^
  File "/home/thiago/Projetos/gruporom/.venv/lib/python3.11/site-packages/django/template/loader.py", line 61, in render_to_string
    template = get_template(template_name, using=using)
               ^^^^^^^^^^^^^^^^^^^^^^^^^^^^^^^^^^^^^^^^
  File "/home/thiago/Projetos/gruporom/.venv/lib/python3.11/site-packages/django/template/loader.py", line 15, in get_template
    return engine.get_template(template_name)
           ^^^^^^^^^^^^^^^^^^^^^^^^^^^^^^^^^^
  File "/home/thiago/Projetos/gruporom/.venv/lib/python3.11/site-packages/django/template/backends/django.py", line 79, in get_template
    return Template(self.engine.get_template(template_name), self)
                    ^^^^^^^^^^^^^^^^^^^^^^^^^^^^^^^^^^^^^^^
  File "/home/thiago/Projetos/gruporom/.venv/lib/python3.11/site-packages/django/template/engine.py", line 177, in get_template
    template, origin = self.find_template(template_name)
                       ^^^^^^^^^^^^^^^^^^^^^^^^^^^^^^^^^
  File "/home/thiago/Projetos/gruporom/.venv/lib/python3.11/site-packages/django/template/engine.py", line 159, in find_template
    template = loader.get_template(name, skip=skip)
               ^^^^^^^^^^^^^^^^^^^^^^^^^^^^^^^^^^^^
  File "/home/thiago/Projetos/gruporom/.venv/lib/python3.11/site-packages/django/template/loaders/cached.py", line 57, in get_template
    template = super().get_template(template_name, skip)
               ^^^^^^^^^^^^^^^^^^^^^^^^^^^^^^^^^^^^^^^^^
  File "/home/thiago/Projetos/gruporom/.venv/lib/python3.11/site-packages/django/template/loaders/base.py", line 28, in get_template
    return Template(
           ^^^^^^^^^
  File "/home/thiago/Projetos/gruporom/.venv/lib/python3.11/site-packages/django/template/base.py", line 154, in __init__
    self.nodelist = self.compile_nodelist()
                    ^^^^^^^^^^^^^^^^^^^^^^^
  File "/home/thiago/Projetos/gruporom/.venv/lib/python3.11/site-packages/django/template/base.py", line 196, in compile_nodelist
    nodelist = parser.parse()
               ^^^^^^^^^^^^^^
  File "/home/thiago/Projetos/gruporom/.venv/lib/python3.11/site-packages/django/template/base.py", line 518, in parse
    raise self.error(token, e)
  File "/home/thiago/Projetos/gruporom/.venv/lib/python3.11/site-packages/django/template/base.py", line 516, in parse
    compiled_result = compile_func(self, token)
                      ^^^^^^^^^^^^^^^^^^^^^^^^^
  File "/home/thiago/Projetos/gruporom/.venv/lib/python3.11/site-packages/django/template/defaulttags.py", line 962, in do_if
    nodelist = parser.parse(("elif", "else", "endif"))
               ^^^^^^^^^^^^^^^^^^^^^^^^^^^^^^^^^^^^^^^
  File "/home/thiago/Projetos/gruporom/.venv/lib/python3.11/site-packages/django/template/base.py", line 518, in parse
    raise self.error(token, e)
  File "/home/thiago/Projetos/gruporom/.venv/lib/python3.11/site-packages/django/template/base.py", line 516, in parse
    compiled_result = compile_func(self, token)
                      ^^^^^^^^^^^^^^^^^^^^^^^^^
  File "/home/thiago/Projetos/gruporom/.venv/lib/python3.11/site-packages/django/template/defaulttags.py", line 862, in do_for
    nodelist_loop = parser.parse(
                    ^^^^^^^^^^^^^
  File "/home/thiago/Projetos/gruporom/.venv/lib/python3.11/site-packages/django/template/base.py", line 518, in parse
    raise self.error(token, e)
  File "/home/thiago/Projetos/gruporom/.venv/lib/python3.11/site-packages/django/template/base.py", line 516, in parse
    compiled_result = compile_func(self, token)
                      ^^^^^^^^^^^^^^^^^^^^^^^^^
  File "/home/thiago/Projetos/gruporom/.venv/lib/python3.11/site-packages/django/template/defaulttags.py", line 962, in do_if
    nodelist = parser.parse(("elif", "else", "endif"))
               ^^^^^^^^^^^^^^^^^^^^^^^^^^^^^^^^^^^^^^^
  File "/home/thiago/Projetos/gruporom/.venv/lib/python3.11/site-packages/django/template/base.py", line 489, in parse
    raise self.error(token, e)
  File "/home/thiago/Projetos/gruporom/.venv/lib/python3.11/site-packages/django/template/base.py", line 487, in parse
    filter_expression = self.compile_filter(token.contents)
                        ^^^^^^^^^^^^^^^^^^^^^^^^^^^^^^^^^^^
  File "/home/thiago/Projetos/gruporom/.venv/lib/python3.11/site-packages/django/template/base.py", line 609, in compile_filter
    return FilterExpression(token, self)
           ^^^^^^^^^^^^^^^^^^^^^^^^^^^^^
  File "/home/thiago/Projetos/gruporom/.venv/lib/python3.11/site-packages/django/template/base.py", line 710, in __init__
    raise TemplateSyntaxError(
django.template.exceptions.TemplateSyntaxError: Could not parse the remainder: '"' from '"'
ERROR 2025-08-05 14:19:06,877 runserver [35;1mHTTP GET /administracao/whatsapp/template/1/preview/ 500 [0.04, 127.0.0.1:40044][0m
INFO 2025-08-05 14:19:58,167 autoreload /home/thiago/Projetos/gruporom/core/views/administracao/whatsapp.py changed, reloading.
INFO 2025-08-05 14:19:58,526 autoreload Watching for file changes with StatReloader
INFO 2025-08-05 14:20:16,808 autoreload /home/thiago/Projetos/gruporom/core/views/administracao/whatsapp.py changed, reloading.
INFO 2025-08-05 14:20:17,165 autoreload Watching for file changes with StatReloader
INFO 2025-08-05 14:20:34,684 runserver [mHTTP GET /administracao/whatsapp/template/1/edit/ 200 [0.04, 127.0.0.1:52906][0m
INFO 2025-08-05 14:20:37,208 runserver [mHTTP POST /administracao/whatsapp/template/1/edit/ 200 [0.05, 127.0.0.1:52906][0m
INFO 2025-08-05 14:20:37,301 runserver [mHTTP GET /administracao/whatsapp/account/1/templates/ 200 [0.07, 127.0.0.1:52906][0m
INFO 2025-08-05 14:20:59,586 runserver [mHTTP GET /administracao/whatsapp/template/1/preview/ 200 [0.03, 127.0.0.1:52906][0m
INFO 2025-08-05 14:23:33,743 runserver [mHTTP GET /administracao/whatsapp/ 200 [0.07, 127.0.0.1:44768][0m
INFO 2025-08-05 14:23:35,714 runserver [mHTTP GET /administracao/whatsapp/account/1/edit/ 200 [0.03, 127.0.0.1:44790][0m
INFO 2025-08-05 14:23:41,215 runserver [mHTTP POST /administracao/whatsapp/account/1/edit/ 200 [0.05, 127.0.0.1:44790][0m
INFO 2025-08-05 14:23:41,317 runserver [mHTTP GET /administracao/whatsapp/ 200 [0.07, 127.0.0.1:44790][0m
INFO 2025-08-05 14:24:43,493 runserver [mHTTP GET /administracao/whatsapp/account/1/edit/ 200 [0.03, 127.0.0.1:34828][0m
INFO 2025-08-05 14:24:48,697 runserver [mHTTP POST /administracao/whatsapp/account/1/edit/ 200 [0.04, 127.0.0.1:34828][0m
INFO 2025-08-05 14:24:48,765 runserver [mHTTP GET /administracao/whatsapp/ 200 [0.03, 127.0.0.1:34828][0m
INFO 2025-08-05 14:24:51,495 runserver [mHTTP GET /administracao/whatsapp/account/1/test/ 200 [0.01, 127.0.0.1:34828][0m
INFO 2025-08-05 14:24:57,832 runserver [mHTTP GET /administracao/whatsapp/ 200 [0.04, 127.0.0.1:34828][0m
INFO 2025-08-05 14:24:59,998 runserver [mHTTP GET /administracao/whatsapp/account/1/test/ 200 [0.03, 127.0.0.1:34828][0m
INFO 2025-08-05 14:26:17,215 autoreload /home/thiago/Projetos/gruporom/core/forms/whatsapp.py changed, reloading.
INFO 2025-08-05 14:26:17,574 autoreload Watching for file changes with StatReloader
INFO 2025-08-05 14:26:33,862 autoreload /home/thiago/Projetos/gruporom/core/views/administracao/whatsapp.py changed, reloading.
INFO 2025-08-05 14:26:34,217 autoreload Watching for file changes with StatReloader
INFO 2025-08-05 14:26:39,374 autoreload /home/thiago/Projetos/gruporom/core/views/administracao/whatsapp.py changed, reloading.
INFO 2025-08-05 14:26:39,710 autoreload Watching for file changes with StatReloader
INFO 2025-08-05 14:27:10,135 autoreload /home/thiago/Projetos/gruporom/core/views/administracao/whatsapp.py changed, reloading.
INFO 2025-08-05 14:27:10,491 autoreload Watching for file changes with StatReloader
INFO 2025-08-05 14:34:48,762 runserver [mHTTP GET /administracao/whatsapp/account/1/test/ 200 [0.04, 127.0.0.1:44052][0m
INFO 2025-08-05 14:34:56,368 runserver [mHTTP GET /administracao/whatsapp/account/1/templates/ 200 [0.06, 127.0.0.1:44052][0m
INFO 2025-08-05 14:34:56,387 runserver [36mHTTP GET /static/style.css 304 [0.00, 127.0.0.1:52746][0m
INFO 2025-08-05 14:34:56,390 runserver [36mHTTP GET /static/app.css 304 [0.00, 127.0.0.1:52762][0m
INFO 2025-08-05 14:34:56,390 runserver [36mHTTP GET /static/app.js 304 [0.01, 127.0.0.1:44052][0m
INFO 2025-08-05 19:17:01,587 autoreload Watching for file changes with StatReloader
INFO 2025-08-05 19:17:08,299 runserver [32mHTTP GET / 302 [0.02, 127.0.0.1:33232][0m
INFO 2025-08-05 19:17:08,356 runserver [mHTTP GET /administracao/ 200 [0.05, 127.0.0.1:33232][0m
INFO 2025-08-05 19:17:08,383 runserver [36mHTTP GET /static/app.js 304 [0.00, 127.0.0.1:33260][0m
INFO 2025-08-05 19:17:08,387 runserver [mHTTP GET /static/app.css 200 [0.01, 127.0.0.1:33244][0m
INFO 2025-08-05 19:17:08,388 runserver [mHTTP GET /static/style.css 200 [0.01, 127.0.0.1:33232][0m
INFO 2025-08-05 19:17:08,390 runserver [mHTTP GET /static/logo_gruporom.svg 200 [0.00, 127.0.0.1:33244][0m
INFO 2025-08-05 19:17:08,417 runserver [mHTTP GET /static/fa-brands-400.32a863c5.woff2 200 [0.00, 127.0.0.1:33260][0m
INFO 2025-08-05 19:17:08,417 runserver [mHTTP GET /static/fa-solid-900.5b60a450.woff2 200 [0.00, 127.0.0.1:33244][0m
INFO 2025-08-05 19:17:10,527 runserver [mHTTP GET /administracao/whatsapp/ 200 [0.07, 127.0.0.1:33232][0m
INFO 2025-08-05 19:17:14,372 runserver [mHTTP GET /administracao/whatsapp/account/1/templates/ 200 [0.06, 127.0.0.1:33232][0m
INFO 2025-08-05 19:23:07,467 autoreload /home/thiago/Projetos/gruporom/core/services/whatsapp_api.py changed, reloading.
INFO 2025-08-05 19:23:07,812 autoreload Watching for file changes with StatReloader
INFO 2025-08-05 19:24:16,690 autoreload /home/thiago/Projetos/gruporom/core/views/administracao/whatsapp.py changed, reloading.
INFO 2025-08-05 19:24:17,023 autoreload Watching for file changes with StatReloader
INFO 2025-08-05 19:26:14,151 autoreload /home/thiago/Projetos/gruporom/core/urls/administracao/whatsapp.py changed, reloading.
INFO 2025-08-05 19:26:14,489 autoreload Watching for file changes with StatReloader
INFO 2025-08-05 19:33:48,193 runserver [mHTTP GET /administracao/whatsapp/account/1/templates/ 200 [0.06, 127.0.0.1:34654][0m
INFO 2025-08-05 19:34:00,732 runserver [32mHTTP POST /administracao/whatsapp/template/1/submit-approval/ 302 [0.33, 127.0.0.1:34654][0m
INFO 2025-08-05 19:34:00,751 runserver [mHTTP GET /administracao/whatsapp/account/1/templates/ 200 [0.02, 127.0.0.1:34654][0m
INFO 2025-08-05 19:36:13,242 runserver [mHTTP GET /administracao/whatsapp/ 200 [0.06, 127.0.0.1:57684][0m
INFO 2025-08-05 19:36:15,216 runserver [mHTTP GET /administracao/whatsapp/account/1/edit/ 200 [0.03, 127.0.0.1:57684][0m
INFO 2025-08-05 19:36:22,035 runserver [mHTTP POST /administracao/whatsapp/account/1/edit/ 200 [0.05, 127.0.0.1:57684][0m
INFO 2025-08-05 19:36:22,126 runserver [mHTTP GET /administracao/whatsapp/ 200 [0.07, 127.0.0.1:57684][0m
INFO 2025-08-05 19:36:25,869 runserver [mHTTP GET /administracao/whatsapp/account/1/templates/ 200 [0.06, 127.0.0.1:57684][0m
INFO 2025-08-05 19:36:38,619 runserver [32mHTTP POST /administracao/whatsapp/template/1/check-status/ 302 [0.03, 127.0.0.1:52972][0m
INFO 2025-08-05 19:36:38,667 runserver [mHTTP GET /administracao/whatsapp/account/1/templates/ 200 [0.04, 127.0.0.1:52972][0m
INFO 2025-08-05 19:36:40,586 runserver [32mHTTP POST /administracao/whatsapp/template/1/check-status/ 302 [0.03, 127.0.0.1:52972][0m
INFO 2025-08-05 19:36:40,641 runserver [mHTTP GET /administracao/whatsapp/account/1/templates/ 200 [0.05, 127.0.0.1:52972][0m
INFO 2025-08-05 19:37:01,162 runserver [32mHTTP POST /administracao/whatsapp/template/1/check-status/ 302 [0.49, 127.0.0.1:52972][0m
INFO 2025-08-05 19:37:01,225 runserver [mHTTP GET /administracao/whatsapp/account/1/templates/ 200 [0.06, 127.0.0.1:52972][0m
INFO 2025-08-05 19:38:04,168 autoreload /home/thiago/Projetos/gruporom/core/services/whatsapp_api.py changed, reloading.
INFO 2025-08-05 19:38:04,518 autoreload Watching for file changes with StatReloader
INFO 2025-08-05 19:38:21,824 autoreload /home/thiago/Projetos/gruporom/core/services/whatsapp_api.py changed, reloading.
INFO 2025-08-05 19:38:22,162 autoreload Watching for file changes with StatReloader
INFO 2025-08-05 19:38:48,190 runserver [mHTTP GET /administracao/whatsapp/account/1/templates/ 200 [0.06, 127.0.0.1:37114][0m
INFO 2025-08-05 19:39:01,296 runserver [mHTTP GET /administracao/whatsapp/template/1/delete/ 200 [0.02, 127.0.0.1:37114][0m
INFO 2025-08-05 19:39:04,631 runserver [mHTTP POST /administracao/whatsapp/template/1/delete/ 200 [0.04, 127.0.0.1:37114][0m
INFO 2025-08-05 19:39:04,711 runserver [mHTTP GET /administracao/whatsapp/account/1/templates/ 200 [0.05, 127.0.0.1:37114][0m
INFO 2025-08-05 19:39:06,142 runserver [mHTTP GET /administracao/whatsapp/template/create/ 200 [0.05, 127.0.0.1:37114][0m
INFO 2025-08-05 19:39:50,909 runserver [mHTTP POST /administracao/whatsapp/template/create/ 200 [0.04, 127.0.0.1:37114][0m
INFO 2025-08-05 19:39:50,970 runserver [mHTTP GET /administracao/whatsapp/account/1/templates/ 200 [0.03, 127.0.0.1:37114][0m
INFO 2025-08-05 19:40:03,573 runserver [32mHTTP POST /administracao/whatsapp/template/2/submit-approval/ 302 [4.36, 127.0.0.1:37114][0m
INFO 2025-08-05 19:40:03,627 runserver [mHTTP GET /administracao/whatsapp/account/1/templates/ 200 [0.05, 127.0.0.1:37114][0m
INFO 2025-08-05 19:40:36,807 autoreload /home/thiago/Projetos/gruporom/core/services/whatsapp_api.py changed, reloading.
INFO 2025-08-05 19:40:37,154 autoreload Watching for file changes with StatReloader
INFO 2025-08-05 19:40:50,397 autoreload /home/thiago/Projetos/gruporom/core/services/whatsapp_api.py changed, reloading.
INFO 2025-08-05 19:40:50,739 autoreload Watching for file changes with StatReloader
INFO 2025-08-05 19:41:07,029 autoreload /home/thiago/Projetos/gruporom/core/views/administracao/whatsapp.py changed, reloading.
INFO 2025-08-05 19:41:07,371 autoreload Watching for file changes with StatReloader
INFO 2025-08-05 19:45:32,900 autoreload /home/thiago/Projetos/gruporom/core/models/whatsapp.py changed, reloading.
INFO 2025-08-05 19:45:33,258 autoreload Watching for file changes with StatReloader
INFO 2025-08-05 19:49:31,546 autoreload /home/thiago/Projetos/gruporom/core/forms/whatsapp.py changed, reloading.
INFO 2025-08-05 19:49:31,891 autoreload Watching for file changes with StatReloader
INFO 2025-08-05 19:49:43,131 autoreload /home/thiago/Projetos/gruporom/core/forms/whatsapp.py changed, reloading.
INFO 2025-08-05 19:49:43,467 autoreload Watching for file changes with StatReloader
INFO 2025-08-05 19:49:51,665 autoreload /home/thiago/Projetos/gruporom/core/forms/whatsapp.py changed, reloading.
INFO 2025-08-05 19:49:51,994 autoreload Watching for file changes with StatReloader
INFO 2025-08-05 19:49:57,164 autoreload /home/thiago/Projetos/gruporom/core/forms/whatsapp.py changed, reloading.
INFO 2025-08-05 19:49:57,499 autoreload Watching for file changes with StatReloader
INFO 2025-08-05 19:50:11,767 autoreload /home/thiago/Projetos/gruporom/core/forms/whatsapp.py changed, reloading.
INFO 2025-08-05 19:50:12,109 autoreload Watching for file changes with StatReloader
INFO 2025-08-05 19:51:06,812 autoreload /home/thiago/Projetos/gruporom/core/services/whatsapp_api.py changed, reloading.
INFO 2025-08-05 19:51:07,149 autoreload Watching for file changes with StatReloader
INFO 2025-08-05 19:51:18,388 autoreload /home/thiago/Projetos/gruporom/core/services/whatsapp_api.py changed, reloading.
INFO 2025-08-05 19:51:18,740 autoreload Watching for file changes with StatReloader
ERROR 2025-08-05 19:51:41,506 log Internal Server Error: /administracao/whatsapp/account/1/templates/
Traceback (most recent call last):
  File "/home/thiago/Projetos/gruporom/.venv/lib/python3.11/site-packages/django/db/backends/utils.py", line 105, in _execute
    return self.cursor.execute(sql, params)
           ^^^^^^^^^^^^^^^^^^^^^^^^^^^^^^^^
  File "/home/thiago/Projetos/gruporom/.venv/lib/python3.11/site-packages/psycopg/cursor.py", line 97, in execute
    raise ex.with_traceback(None)
psycopg.errors.UndefinedColumn: coluna whatsapp_template.variables_examples n√£o existe
LINE 1: ...s_buttons", "whatsapp_template"."buttons_config", "whatsapp_...
                                                             ^

The above exception was the direct cause of the following exception:

Traceback (most recent call last):
  File "/home/thiago/Projetos/gruporom/.venv/lib/python3.11/site-packages/asgiref/sync.py", line 489, in thread_handler
    raise exc_info[1]
  File "/home/thiago/Projetos/gruporom/.venv/lib/python3.11/site-packages/django/core/handlers/exception.py", line 42, in inner
    response = await get_response(request)
               ^^^^^^^^^^^^^^^^^^^^^^^^^^^
  File "/home/thiago/Projetos/gruporom/.venv/lib/python3.11/site-packages/asgiref/sync.py", line 489, in thread_handler
    raise exc_info[1]
  File "/home/thiago/Projetos/gruporom/.venv/lib/python3.11/site-packages/django/core/handlers/base.py", line 253, in _get_response_async
    response = await wrapped_callback(
               ^^^^^^^^^^^^^^^^^^^^^^^
  File "/home/thiago/Projetos/gruporom/.venv/lib/python3.11/site-packages/asgiref/sync.py", line 439, in __call__
    ret = await asyncio.shield(exec_coro)
          ^^^^^^^^^^^^^^^^^^^^^^^^^^^^^^^
  File "/home/thiago/.local/share/uv/python/cpython-3.11.13-linux-x86_64-gnu/lib/python3.11/concurrent/futures/thread.py", line 58, in run
    result = self.fn(*self.args, **self.kwargs)
             ^^^^^^^^^^^^^^^^^^^^^^^^^^^^^^^^^^
  File "/home/thiago/Projetos/gruporom/.venv/lib/python3.11/site-packages/asgiref/sync.py", line 493, in thread_handler
    return func(*args, **kwargs)
           ^^^^^^^^^^^^^^^^^^^^^
  File "/home/thiago/.local/share/uv/python/cpython-3.11.13-linux-x86_64-gnu/lib/python3.11/contextlib.py", line 81, in inner
    return func(*args, **kwds)
           ^^^^^^^^^^^^^^^^^^^
  File "/home/thiago/Projetos/gruporom/.venv/lib/python3.11/site-packages/django/contrib/auth/decorators.py", line 59, in _view_wrapper
    return view_func(request, *args, **kwargs)
           ^^^^^^^^^^^^^^^^^^^^^^^^^^^^^^^^^^^
  File "/home/thiago/Projetos/gruporom/core/decorators.py", line 43, in wrapper
    return view_func(request, *args, **kwargs)
           ^^^^^^^^^^^^^^^^^^^^^^^^^^^^^^^^^^^
  File "/home/thiago/Projetos/gruporom/core/views/administracao/whatsapp.py", line 430, in templates_list
    return render(request, 'administracao/whatsapp/templates_list.html', context)
           ^^^^^^^^^^^^^^^^^^^^^^^^^^^^^^^^^^^^^^^^^^^^^^^^^^^^^^^^^^^^^^^^^^^^^^
  File "/home/thiago/Projetos/gruporom/.venv/lib/python3.11/site-packages/django/shortcuts.py", line 25, in render
    content = loader.render_to_string(template_name, context, request, using=using)
              ^^^^^^^^^^^^^^^^^^^^^^^^^^^^^^^^^^^^^^^^^^^^^^^^^^^^^^^^^^^^^^^^^^^^^
  File "/home/thiago/Projetos/gruporom/.venv/lib/python3.11/site-packages/django/template/loader.py", line 62, in render_to_string
    return template.render(context, request)
           ^^^^^^^^^^^^^^^^^^^^^^^^^^^^^^^^^
  File "/home/thiago/Projetos/gruporom/.venv/lib/python3.11/site-packages/django/template/backends/django.py", line 107, in render
    return self.template.render(context)
           ^^^^^^^^^^^^^^^^^^^^^^^^^^^^^
  File "/home/thiago/Projetos/gruporom/.venv/lib/python3.11/site-packages/django/template/base.py", line 171, in render
    return self._render(context)
           ^^^^^^^^^^^^^^^^^^^^^
  File "/home/thiago/Projetos/gruporom/.venv/lib/python3.11/site-packages/django/template/base.py", line 163, in _render
    return self.nodelist.render(context)
           ^^^^^^^^^^^^^^^^^^^^^^^^^^^^^
  File "/home/thiago/Projetos/gruporom/.venv/lib/python3.11/site-packages/django/template/base.py", line 1016, in render
    return SafeString("".join([node.render_annotated(context) for node in self]))
                              ^^^^^^^^^^^^^^^^^^^^^^^^^^^^^^^^^^^^^^^^^^^^^^^^^
  File "/home/thiago/Projetos/gruporom/.venv/lib/python3.11/site-packages/django/template/base.py", line 1016, in <listcomp>
    return SafeString("".join([node.render_annotated(context) for node in self]))
                               ^^^^^^^^^^^^^^^^^^^^^^^^^^^^^^
  File "/home/thiago/Projetos/gruporom/.venv/lib/python3.11/site-packages/django/template/base.py", line 977, in render_annotated
    return self.render(context)
           ^^^^^^^^^^^^^^^^^^^^
  File "/home/thiago/Projetos/gruporom/.venv/lib/python3.11/site-packages/django/template/loader_tags.py", line 159, in render
    return compiled_parent._render(context)
           ^^^^^^^^^^^^^^^^^^^^^^^^^^^^^^^^
  File "/home/thiago/Projetos/gruporom/.venv/lib/python3.11/site-packages/django/template/base.py", line 163, in _render
    return self.nodelist.render(context)
           ^^^^^^^^^^^^^^^^^^^^^^^^^^^^^
  File "/home/thiago/Projetos/gruporom/.venv/lib/python3.11/site-packages/django/template/base.py", line 1016, in render
    return SafeString("".join([node.render_annotated(context) for node in self]))
                              ^^^^^^^^^^^^^^^^^^^^^^^^^^^^^^^^^^^^^^^^^^^^^^^^^
  File "/home/thiago/Projetos/gruporom/.venv/lib/python3.11/site-packages/django/template/base.py", line 1016, in <listcomp>
    return SafeString("".join([node.render_annotated(context) for node in self]))
                               ^^^^^^^^^^^^^^^^^^^^^^^^^^^^^^
  File "/home/thiago/Projetos/gruporom/.venv/lib/python3.11/site-packages/django/template/base.py", line 977, in render_annotated
    return self.render(context)
           ^^^^^^^^^^^^^^^^^^^^
  File "/home/thiago/Projetos/gruporom/.venv/lib/python3.11/site-packages/django/template/loader_tags.py", line 65, in render
    result = block.nodelist.render(context)
             ^^^^^^^^^^^^^^^^^^^^^^^^^^^^^^
  File "/home/thiago/Projetos/gruporom/.venv/lib/python3.11/site-packages/django/template/base.py", line 1016, in render
    return SafeString("".join([node.render_annotated(context) for node in self]))
                              ^^^^^^^^^^^^^^^^^^^^^^^^^^^^^^^^^^^^^^^^^^^^^^^^^
  File "/home/thiago/Projetos/gruporom/.venv/lib/python3.11/site-packages/django/template/base.py", line 1016, in <listcomp>
    return SafeString("".join([node.render_annotated(context) for node in self]))
                               ^^^^^^^^^^^^^^^^^^^^^^^^^^^^^^
  File "/home/thiago/Projetos/gruporom/.venv/lib/python3.11/site-packages/django/template/base.py", line 977, in render_annotated
    return self.render(context)
           ^^^^^^^^^^^^^^^^^^^^
  File "/home/thiago/Projetos/gruporom/.venv/lib/python3.11/site-packages/django/template/defaulttags.py", line 326, in render
    if match:
  File "/home/thiago/Projetos/gruporom/.venv/lib/python3.11/site-packages/django/core/paginator.py", line 191, in __len__
    return len(self.object_list)
           ^^^^^^^^^^^^^^^^^^^^^
  File "/home/thiago/Projetos/gruporom/.venv/lib/python3.11/site-packages/django/db/models/query.py", line 366, in __len__
    self._fetch_all()
  File "/home/thiago/Projetos/gruporom/.venv/lib/python3.11/site-packages/django/db/models/query.py", line 1949, in _fetch_all
    self._result_cache = list(self._iterable_class(self))
                         ^^^^^^^^^^^^^^^^^^^^^^^^^^^^^^^^
  File "/home/thiago/Projetos/gruporom/.venv/lib/python3.11/site-packages/django/db/models/query.py", line 91, in __iter__
    results = compiler.execute_sql(
              ^^^^^^^^^^^^^^^^^^^^^
  File "/home/thiago/Projetos/gruporom/.venv/lib/python3.11/site-packages/django/db/models/sql/compiler.py", line 1623, in execute_sql
    cursor.execute(sql, params)
  File "/home/thiago/Projetos/gruporom/.venv/lib/python3.11/site-packages/django/db/backends/utils.py", line 122, in execute
    return super().execute(sql, params)
           ^^^^^^^^^^^^^^^^^^^^^^^^^^^^
  File "/home/thiago/Projetos/gruporom/.venv/lib/python3.11/site-packages/django/db/backends/utils.py", line 79, in execute
    return self._execute_with_wrappers(
           ^^^^^^^^^^^^^^^^^^^^^^^^^^^^
  File "/home/thiago/Projetos/gruporom/.venv/lib/python3.11/site-packages/django/db/backends/utils.py", line 92, in _execute_with_wrappers
    return executor(sql, params, many, context)
           ^^^^^^^^^^^^^^^^^^^^^^^^^^^^^^^^^^^^
  File "/home/thiago/Projetos/gruporom/.venv/lib/python3.11/site-packages/django/db/backends/utils.py", line 100, in _execute
    with self.db.wrap_database_errors:
  File "/home/thiago/Projetos/gruporom/.venv/lib/python3.11/site-packages/django/db/utils.py", line 91, in __exit__
    raise dj_exc_value.with_traceback(traceback) from exc_value
  File "/home/thiago/Projetos/gruporom/.venv/lib/python3.11/site-packages/django/db/backends/utils.py", line 105, in _execute
    return self.cursor.execute(sql, params)
           ^^^^^^^^^^^^^^^^^^^^^^^^^^^^^^^^
  File "/home/thiago/Projetos/gruporom/.venv/lib/python3.11/site-packages/psycopg/cursor.py", line 97, in execute
    raise ex.with_traceback(None)
django.db.utils.ProgrammingError: coluna whatsapp_template.variables_examples n√£o existe
LINE 1: ...s_buttons", "whatsapp_template"."buttons_config", "whatsapp_...
                                                             ^
ERROR 2025-08-05 19:51:41,510 runserver [35;1mHTTP GET /administracao/whatsapp/account/1/templates/ 500 [0.16, 127.0.0.1:52354][0m
WARNING 2025-08-05 19:51:41,525 log Not Found: /favicon.ico
WARNING 2025-08-05 19:51:41,526 runserver [33mHTTP GET /favicon.ico 404 [0.00, 127.0.0.1:52354][0m
INFO 2025-08-05 19:51:59,736 autoreload Watching for file changes with StatReloader
INFO 2025-08-05 19:52:00,429 runserver [mHTTP GET /administracao/whatsapp/account/1/templates/ 200 [0.07, 127.0.0.1:40534][0m
INFO 2025-08-05 19:52:03,825 runserver [mHTTP GET /administracao/whatsapp/template/2/edit/ 200 [0.04, 127.0.0.1:40534][0m
INFO 2025-08-05 19:52:26,218 runserver [mHTTP POST /administracao/whatsapp/template/2/edit/ 200 [0.04, 127.0.0.1:40534][0m
INFO 2025-08-05 19:52:26,264 runserver [mHTTP GET /administracao/whatsapp/account/1/templates/ 200 [0.03, 127.0.0.1:40534][0m
ERROR 2025-08-05 19:52:36,293 whatsapp Erro completo da API: {}
INFO 2025-08-05 19:52:36,300 runserver [32mHTTP POST /administracao/whatsapp/template/2/submit-approval/ 302 [5.62, 127.0.0.1:40534][0m
INFO 2025-08-05 19:52:36,359 runserver [mHTTP GET /administracao/whatsapp/account/1/templates/ 200 [0.05, 127.0.0.1:40534][0m
INFO 2025-08-05 19:52:38,174 runserver [32mHTTP POST /administracao/whatsapp/template/2/check-status/ 302 [0.04, 127.0.0.1:40534][0m
INFO 2025-08-05 19:52:38,240 runserver [mHTTP GET /administracao/whatsapp/account/1/templates/ 200 [0.06, 127.0.0.1:40534][0m
INFO 2025-08-05 19:52:51,289 runserver [32mHTTP POST /administracao/whatsapp/template/2/check-status/ 302 [0.02, 127.0.0.1:40534][0m
INFO 2025-08-05 19:52:51,347 runserver [mHTTP GET /administracao/whatsapp/account/1/templates/ 200 [0.05, 127.0.0.1:40534][0m
INFO 2025-08-05 19:53:41,958 autoreload /home/thiago/Projetos/gruporom/core/services/whatsapp_api.py changed, reloading.
INFO 2025-08-05 19:53:42,317 autoreload Watching for file changes with StatReloader
INFO 2025-08-05 19:53:58,616 autoreload /home/thiago/Projetos/gruporom/core/views/administracao/whatsapp.py changed, reloading.
INFO 2025-08-05 19:53:58,960 autoreload Watching for file changes with StatReloader
INFO 2025-08-05 19:55:19,936 runserver [mHTTP GET /administracao/whatsapp/account/1/templates/ 200 [0.10, 127.0.0.1:57086][0m
INFO 2025-08-05 19:55:25,592 runserver [32mHTTP POST /administracao/whatsapp/template/2/check-status/ 302 [0.44, 127.0.0.1:57086][0m
INFO 2025-08-05 19:55:25,652 runserver [mHTTP GET /administracao/whatsapp/account/1/templates/ 200 [0.05, 127.0.0.1:57086][0m
ERROR 2025-08-05 19:55:40,060 whatsapp Erro completo da API: {}
INFO 2025-08-05 19:55:40,066 runserver [32mHTTP POST /administracao/whatsapp/template/2/submit-approval/ 302 [4.63, 127.0.0.1:57086][0m
INFO 2025-08-05 19:55:40,131 runserver [mHTTP GET /administracao/whatsapp/account/1/templates/ 200 [0.06, 127.0.0.1:57086][0m
INFO 2025-08-05 19:55:40,726 runserver [mHTTP GET /administracao/whatsapp/template/2/edit/ 200 [0.04, 127.0.0.1:57086][0m
INFO 2025-08-05 19:55:46,823 runserver [mHTTP GET /administracao/whatsapp/template/2/delete/ 200 [0.02, 127.0.0.1:57086][0m
INFO 2025-08-05 19:55:48,981 runserver [mHTTP POST /administracao/whatsapp/template/2/delete/ 200 [0.05, 127.0.0.1:57086][0m
INFO 2025-08-05 19:55:49,057 runserver [mHTTP GET /administracao/whatsapp/account/1/templates/ 200 [0.05, 127.0.0.1:57086][0m
INFO 2025-08-05 19:56:32,701 runserver [mHTTP GET /administracao/whatsapp/template/create/ 200 [0.04, 127.0.0.1:57086][0m
INFO 2025-08-05 19:57:02,305 runserver [mHTTP POST /administracao/whatsapp/template/create/ 200 [0.04, 127.0.0.1:57086][0m
INFO 2025-08-05 19:57:02,373 runserver [mHTTP GET /administracao/whatsapp/account/1/templates/ 200 [0.04, 127.0.0.1:57086][0m
ERROR 2025-08-05 19:57:28,801 whatsapp Erro completo da API: {}
INFO 2025-08-05 19:57:28,810 runserver [32mHTTP POST /administracao/whatsapp/template/3/submit-approval/ 302 [1.29, 127.0.0.1:57086][0m
INFO 2025-08-05 19:57:28,866 runserver [mHTTP GET /administracao/whatsapp/account/1/templates/ 200 [0.05, 127.0.0.1:57086][0m
INFO 2025-08-05 19:58:22,867 autoreload /home/thiago/Projetos/gruporom/core/services/whatsapp_api.py changed, reloading.
INFO 2025-08-05 19:58:23,214 autoreload Watching for file changes with StatReloader
INFO 2025-08-05 19:58:37,460 autoreload /home/thiago/Projetos/gruporom/core/services/whatsapp_api.py changed, reloading.
INFO 2025-08-05 19:58:37,808 autoreload Watching for file changes with StatReloader
INFO 2025-08-05 19:58:51,048 autoreload /home/thiago/Projetos/gruporom/core/services/whatsapp_api.py changed, reloading.
INFO 2025-08-05 19:58:51,400 autoreload Watching for file changes with StatReloader
INFO 2025-08-05 19:59:23,597 runserver [mHTTP GET /administracao/whatsapp/account/1/templates/ 200 [0.08, 127.0.0.1:50146][0m
INFO 2025-08-05 19:59:23,615 runserver [36mHTTP GET /static/app.css 304 [0.00, 127.0.0.1:50156][0m
INFO 2025-08-05 19:59:23,615 runserver [36mHTTP GET /static/app.js 304 [0.00, 127.0.0.1:50146][0m
INFO 2025-08-05 19:59:23,615 runserver [36mHTTP GET /static/style.css 304 [0.00, 127.0.0.1:50150][0m
ERROR 2025-08-05 19:59:45,233 whatsapp Erro completo da API: {}
INFO 2025-08-05 19:59:45,240 runserver [32mHTTP POST /administracao/whatsapp/template/3/submit-approval/ 302 [0.75, 127.0.0.1:50146][0m
INFO 2025-08-05 19:59:45,311 runserver [mHTTP GET /administracao/whatsapp/account/1/templates/ 200 [0.07, 127.0.0.1:50146][0m
INFO 2025-08-05 20:00:32,612 autoreload /home/thiago/Projetos/gruporom/core/services/whatsapp_api.py changed, reloading.
INFO 2025-08-05 20:00:32,953 autoreload Watching for file changes with StatReloader
INFO 2025-08-05 20:00:51,283 autoreload /home/thiago/Projetos/gruporom/core/services/whatsapp_api.py changed, reloading.
INFO 2025-08-05 20:00:51,616 autoreload Watching for file changes with StatReloader
INFO 2025-08-05 20:01:09,935 autoreload /home/thiago/Projetos/gruporom/core/views/administracao/whatsapp.py changed, reloading.
INFO 2025-08-05 20:01:10,263 autoreload Watching for file changes with StatReloader
INFO 2025-08-05 20:01:16,437 autoreload /home/thiago/Projetos/gruporom/core/urls/administracao/whatsapp.py changed, reloading.
INFO 2025-08-05 20:01:16,793 autoreload Watching for file changes with StatReloader
INFO 2025-08-05 20:02:12,686 runserver [mHTTP GET /administracao/whatsapp/account/1/templates/ 200 [0.07, 127.0.0.1:45398][0m
ERROR 2025-08-05 20:02:17,197 whatsapp Erro completo da API: {'error': {'message': 'Invalid parameter', 'type': 'OAuthException', 'code': 100, 'error_subcode': 2388024, 'is_transient': False, 'error_user_title': 'J√° existe conte√∫do nesse idioma', 'error_user_msg': 'J√° existe conte√∫do em Portuguese (BR) para esse modelo. Voc√™ pode criar um novo modelo e tentar novamente.', 'fbtrace_id': 'ArkLq71UKlcII8ePe6rirV0'}}
INFO 2025-08-05 20:02:17,205 runserver [32mHTTP POST /administracao/whatsapp/template/3/submit-approval/ 302 [0.87, 127.0.0.1:45398][0m
INFO 2025-08-05 20:02:17,258 runserver [mHTTP GET /administracao/whatsapp/account/1/templates/ 200 [0.05, 127.0.0.1:45398][0m
INFO 2025-08-05 20:03:25,643 runserver [mHTTP GET /administracao/whatsapp/template/3/edit/ 200 [0.04, 127.0.0.1:60020][0m
INFO 2025-08-05 20:03:35,467 runserver [mHTTP POST /administracao/whatsapp/template/3/edit/ 200 [0.05, 127.0.0.1:60020][0m
INFO 2025-08-05 20:03:35,514 runserver [mHTTP GET /administracao/whatsapp/account/1/templates/ 200 [0.03, 127.0.0.1:60020][0m
INFO 2025-08-05 20:03:42,701 runserver [32mHTTP POST /administracao/whatsapp/template/3/submit-approval/ 302 [3.08, 127.0.0.1:60020][0m
INFO 2025-08-05 20:03:42,761 runserver [mHTTP GET /administracao/whatsapp/account/1/templates/ 200 [0.06, 127.0.0.1:60020][0m
INFO 2025-08-05 20:03:52,192 runserver [32mHTTP POST /administracao/whatsapp/template/3/check-status/ 302 [0.43, 127.0.0.1:60020][0m
INFO 2025-08-05 20:03:52,250 runserver [mHTTP GET /administracao/whatsapp/account/1/templates/ 200 [0.05, 127.0.0.1:60020][0m
INFO 2025-08-05 20:03:56,205 runserver [mHTTP GET /administracao/whatsapp/ 200 [0.07, 127.0.0.1:60020][0m
ERROR 2025-08-05 20:04:00,095 log Internal Server Error: /administracao/whatsapp/account/1/test/
Traceback (most recent call last):
  File "/home/thiago/Projetos/gruporom/.venv/lib/python3.11/site-packages/asgiref/sync.py", line 489, in thread_handler
    raise exc_info[1]
  File "/home/thiago/Projetos/gruporom/.venv/lib/python3.11/site-packages/django/core/handlers/exception.py", line 42, in inner
    response = await get_response(request)
               ^^^^^^^^^^^^^^^^^^^^^^^^^^^
  File "/home/thiago/Projetos/gruporom/.venv/lib/python3.11/site-packages/asgiref/sync.py", line 489, in thread_handler
    raise exc_info[1]
  File "/home/thiago/Projetos/gruporom/.venv/lib/python3.11/site-packages/django/core/handlers/base.py", line 253, in _get_response_async
    response = await wrapped_callback(
               ^^^^^^^^^^^^^^^^^^^^^^^
  File "/home/thiago/Projetos/gruporom/.venv/lib/python3.11/site-packages/asgiref/sync.py", line 439, in __call__
    ret = await asyncio.shield(exec_coro)
          ^^^^^^^^^^^^^^^^^^^^^^^^^^^^^^^
  File "/home/thiago/.local/share/uv/python/cpython-3.11.13-linux-x86_64-gnu/lib/python3.11/concurrent/futures/thread.py", line 58, in run
    result = self.fn(*self.args, **self.kwargs)
             ^^^^^^^^^^^^^^^^^^^^^^^^^^^^^^^^^^
  File "/home/thiago/Projetos/gruporom/.venv/lib/python3.11/site-packages/asgiref/sync.py", line 493, in thread_handler
    return func(*args, **kwargs)
           ^^^^^^^^^^^^^^^^^^^^^
  File "/home/thiago/.local/share/uv/python/cpython-3.11.13-linux-x86_64-gnu/lib/python3.11/contextlib.py", line 81, in inner
    return func(*args, **kwds)
           ^^^^^^^^^^^^^^^^^^^
  File "/home/thiago/Projetos/gruporom/.venv/lib/python3.11/site-packages/django/contrib/auth/decorators.py", line 59, in _view_wrapper
    return view_func(request, *args, **kwargs)
           ^^^^^^^^^^^^^^^^^^^^^^^^^^^^^^^^^^^
  File "/home/thiago/Projetos/gruporom/core/decorators.py", line 43, in wrapper
    return view_func(request, *args, **kwargs)
           ^^^^^^^^^^^^^^^^^^^^^^^^^^^^^^^^^^^
  File "/home/thiago/Projetos/gruporom/core/views/administracao/whatsapp.py", line 1004, in account_test_modal
    return render(request, 'administracao/whatsapp/modals/account_test.html', {
           ^^^^^^^^^^^^^^^^^^^^^^^^^^^^^^^^^^^^^^^^^^^^^^^^^^^^^^^^^^^^^^^^^^^^
  File "/home/thiago/Projetos/gruporom/.venv/lib/python3.11/site-packages/django/shortcuts.py", line 25, in render
    content = loader.render_to_string(template_name, context, request, using=using)
              ^^^^^^^^^^^^^^^^^^^^^^^^^^^^^^^^^^^^^^^^^^^^^^^^^^^^^^^^^^^^^^^^^^^^^
  File "/home/thiago/Projetos/gruporom/.venv/lib/python3.11/site-packages/django/template/loader.py", line 61, in render_to_string
    template = get_template(template_name, using=using)
               ^^^^^^^^^^^^^^^^^^^^^^^^^^^^^^^^^^^^^^^^
  File "/home/thiago/Projetos/gruporom/.venv/lib/python3.11/site-packages/django/template/loader.py", line 15, in get_template
    return engine.get_template(template_name)
           ^^^^^^^^^^^^^^^^^^^^^^^^^^^^^^^^^^
  File "/home/thiago/Projetos/gruporom/.venv/lib/python3.11/site-packages/django/template/backends/django.py", line 79, in get_template
    return Template(self.engine.get_template(template_name), self)
                    ^^^^^^^^^^^^^^^^^^^^^^^^^^^^^^^^^^^^^^^
  File "/home/thiago/Projetos/gruporom/.venv/lib/python3.11/site-packages/django/template/engine.py", line 177, in get_template
    template, origin = self.find_template(template_name)
                       ^^^^^^^^^^^^^^^^^^^^^^^^^^^^^^^^^
  File "/home/thiago/Projetos/gruporom/.venv/lib/python3.11/site-packages/django/template/engine.py", line 159, in find_template
    template = loader.get_template(name, skip=skip)
               ^^^^^^^^^^^^^^^^^^^^^^^^^^^^^^^^^^^^
  File "/home/thiago/Projetos/gruporom/.venv/lib/python3.11/site-packages/django/template/loaders/cached.py", line 57, in get_template
    template = super().get_template(template_name, skip)
               ^^^^^^^^^^^^^^^^^^^^^^^^^^^^^^^^^^^^^^^^^
  File "/home/thiago/Projetos/gruporom/.venv/lib/python3.11/site-packages/django/template/loaders/base.py", line 28, in get_template
    return Template(
           ^^^^^^^^^
  File "/home/thiago/Projetos/gruporom/.venv/lib/python3.11/site-packages/django/template/base.py", line 154, in __init__
    self.nodelist = self.compile_nodelist()
                    ^^^^^^^^^^^^^^^^^^^^^^^
  File "/home/thiago/Projetos/gruporom/.venv/lib/python3.11/site-packages/django/template/base.py", line 196, in compile_nodelist
    nodelist = parser.parse()
               ^^^^^^^^^^^^^^
  File "/home/thiago/Projetos/gruporom/.venv/lib/python3.11/site-packages/django/template/base.py", line 489, in parse
    raise self.error(token, e)
  File "/home/thiago/Projetos/gruporom/.venv/lib/python3.11/site-packages/django/template/base.py", line 487, in parse
    filter_expression = self.compile_filter(token.contents)
                        ^^^^^^^^^^^^^^^^^^^^^^^^^^^^^^^^^^^
  File "/home/thiago/Projetos/gruporom/.venv/lib/python3.11/site-packages/django/template/base.py", line 609, in compile_filter
    return FilterExpression(token, self)
           ^^^^^^^^^^^^^^^^^^^^^^^^^^^^^
  File "/home/thiago/Projetos/gruporom/.venv/lib/python3.11/site-packages/django/template/base.py", line 710, in __init__
    raise TemplateSyntaxError(
django.template.exceptions.TemplateSyntaxError: Could not parse the remainder: '${i' from '${i'
ERROR 2025-08-05 20:04:00,098 runserver [35;1mHTTP GET /administracao/whatsapp/account/1/test/ 500 [0.05, 127.0.0.1:60020][0m
INFO 2025-08-05 20:04:08,352 runserver [mHTTP GET /administracao/whatsapp/account/1/templates/ 200 [0.06, 127.0.0.1:60020][0m
INFO 2025-08-05 20:04:11,490 runserver [mHTTP GET /administracao/whatsapp/ 200 [0.04, 127.0.0.1:60020][0m
INFO 2025-08-05 20:04:14,163 runserver [mHTTP GET /administracao/whatsapp/chat/1/ 200 [0.06, 127.0.0.1:60020][0m
INFO 2025-08-05 20:04:14,197 runserver WebSocket HANDSHAKING /ws/whatsapp/1/ [127.0.0.1:52962]
INFO 2025-08-05 20:04:14,246 runserver WebSocket CONNECT /ws/whatsapp/1/ [127.0.0.1:52962]
INFO 2025-08-05 20:04:19,337 runserver WebSocket DISCONNECT /ws/whatsapp/1/ [127.0.0.1:52962]
INFO 2025-08-05 20:04:19,397 runserver [mHTTP GET /administracao/whatsapp/ 200 [0.06, 127.0.0.1:60020][0m
INFO 2025-08-05 20:14:29,837 autoreload /home/thiago/Projetos/gruporom/core/services/whatsapp_api.py changed, reloading.
INFO 2025-08-05 20:14:30,174 autoreload Watching for file changes with StatReloader
INFO 2025-08-05 20:14:44,452 autoreload /home/thiago/Projetos/gruporom/core/views/administracao/whatsapp.py changed, reloading.
INFO 2025-08-05 20:14:44,804 autoreload Watching for file changes with StatReloader
INFO 2025-08-06 08:16:20,605 autoreload Watching for file changes with StatReloader
INFO 2025-08-06 08:16:26,169 runserver [32mHTTP GET / 302 [0.03, 127.0.0.1:50880][0m
INFO 2025-08-06 08:16:26,309 runserver [mHTTP GET /administracao/ 200 [0.13, 127.0.0.1:50880][0m
INFO 2025-08-06 08:16:26,338 runserver [36mHTTP GET /static/app.js 304 [0.00, 127.0.0.1:50906][0m
INFO 2025-08-06 08:16:26,339 runserver [mHTTP GET /static/style.css 200 [0.01, 127.0.0.1:50880][0m
INFO 2025-08-06 08:16:26,340 runserver [mHTTP GET /static/app.css 200 [0.01, 127.0.0.1:50894][0m
INFO 2025-08-06 08:16:26,342 runserver [mHTTP GET /static/logo_gruporom.svg 200 [0.00, 127.0.0.1:50906][0m
INFO 2025-08-06 08:16:26,380 runserver [mHTTP GET /static/fa-brands-400.32a863c5.woff2 200 [0.00, 127.0.0.1:50880][0m
INFO 2025-08-06 08:16:26,381 runserver [mHTTP GET /static/fa-solid-900.5b60a450.woff2 200 [0.00, 127.0.0.1:50906][0m
INFO 2025-08-06 08:16:33,673 runserver [mHTTP GET /administracao/whatsapp/ 200 [0.06, 127.0.0.1:50880][0m
ERROR 2025-08-06 08:16:36,674 log Internal Server Error: /administracao/whatsapp/account/1/test/
Traceback (most recent call last):
  File "/home/thiago/Projetos/gruporom/.venv/lib/python3.11/site-packages/asgiref/sync.py", line 489, in thread_handler
    raise exc_info[1]
  File "/home/thiago/Projetos/gruporom/.venv/lib/python3.11/site-packages/django/core/handlers/exception.py", line 42, in inner
    response = await get_response(request)
               ^^^^^^^^^^^^^^^^^^^^^^^^^^^
  File "/home/thiago/Projetos/gruporom/.venv/lib/python3.11/site-packages/asgiref/sync.py", line 489, in thread_handler
    raise exc_info[1]
  File "/home/thiago/Projetos/gruporom/.venv/lib/python3.11/site-packages/django/core/handlers/base.py", line 253, in _get_response_async
    response = await wrapped_callback(
               ^^^^^^^^^^^^^^^^^^^^^^^
  File "/home/thiago/Projetos/gruporom/.venv/lib/python3.11/site-packages/asgiref/sync.py", line 439, in __call__
    ret = await asyncio.shield(exec_coro)
          ^^^^^^^^^^^^^^^^^^^^^^^^^^^^^^^
  File "/home/thiago/.local/share/uv/python/cpython-3.11.13-linux-x86_64-gnu/lib/python3.11/concurrent/futures/thread.py", line 58, in run
    result = self.fn(*self.args, **self.kwargs)
             ^^^^^^^^^^^^^^^^^^^^^^^^^^^^^^^^^^
  File "/home/thiago/Projetos/gruporom/.venv/lib/python3.11/site-packages/asgiref/sync.py", line 493, in thread_handler
    return func(*args, **kwargs)
           ^^^^^^^^^^^^^^^^^^^^^
  File "/home/thiago/.local/share/uv/python/cpython-3.11.13-linux-x86_64-gnu/lib/python3.11/contextlib.py", line 81, in inner
    return func(*args, **kwds)
           ^^^^^^^^^^^^^^^^^^^
  File "/home/thiago/Projetos/gruporom/.venv/lib/python3.11/site-packages/django/contrib/auth/decorators.py", line 59, in _view_wrapper
    return view_func(request, *args, **kwargs)
           ^^^^^^^^^^^^^^^^^^^^^^^^^^^^^^^^^^^
  File "/home/thiago/Projetos/gruporom/core/decorators.py", line 43, in wrapper
    return view_func(request, *args, **kwargs)
           ^^^^^^^^^^^^^^^^^^^^^^^^^^^^^^^^^^^
  File "/home/thiago/Projetos/gruporom/core/views/administracao/whatsapp.py", line 1013, in account_test_modal
    return render(request, 'administracao/whatsapp/modals/account_test.html', {
           ^^^^^^^^^^^^^^^^^^^^^^^^^^^^^^^^^^^^^^^^^^^^^^^^^^^^^^^^^^^^^^^^^^^^
  File "/home/thiago/Projetos/gruporom/.venv/lib/python3.11/site-packages/django/shortcuts.py", line 25, in render
    content = loader.render_to_string(template_name, context, request, using=using)
              ^^^^^^^^^^^^^^^^^^^^^^^^^^^^^^^^^^^^^^^^^^^^^^^^^^^^^^^^^^^^^^^^^^^^^
  File "/home/thiago/Projetos/gruporom/.venv/lib/python3.11/site-packages/django/template/loader.py", line 61, in render_to_string
    template = get_template(template_name, using=using)
               ^^^^^^^^^^^^^^^^^^^^^^^^^^^^^^^^^^^^^^^^
  File "/home/thiago/Projetos/gruporom/.venv/lib/python3.11/site-packages/django/template/loader.py", line 15, in get_template
    return engine.get_template(template_name)
           ^^^^^^^^^^^^^^^^^^^^^^^^^^^^^^^^^^
  File "/home/thiago/Projetos/gruporom/.venv/lib/python3.11/site-packages/django/template/backends/django.py", line 79, in get_template
    return Template(self.engine.get_template(template_name), self)
                    ^^^^^^^^^^^^^^^^^^^^^^^^^^^^^^^^^^^^^^^
  File "/home/thiago/Projetos/gruporom/.venv/lib/python3.11/site-packages/django/template/engine.py", line 177, in get_template
    template, origin = self.find_template(template_name)
                       ^^^^^^^^^^^^^^^^^^^^^^^^^^^^^^^^^
  File "/home/thiago/Projetos/gruporom/.venv/lib/python3.11/site-packages/django/template/engine.py", line 159, in find_template
    template = loader.get_template(name, skip=skip)
               ^^^^^^^^^^^^^^^^^^^^^^^^^^^^^^^^^^^^
  File "/home/thiago/Projetos/gruporom/.venv/lib/python3.11/site-packages/django/template/loaders/cached.py", line 57, in get_template
    template = super().get_template(template_name, skip)
               ^^^^^^^^^^^^^^^^^^^^^^^^^^^^^^^^^^^^^^^^^
  File "/home/thiago/Projetos/gruporom/.venv/lib/python3.11/site-packages/django/template/loaders/base.py", line 28, in get_template
    return Template(
           ^^^^^^^^^
  File "/home/thiago/Projetos/gruporom/.venv/lib/python3.11/site-packages/django/template/base.py", line 154, in __init__
    self.nodelist = self.compile_nodelist()
                    ^^^^^^^^^^^^^^^^^^^^^^^
  File "/home/thiago/Projetos/gruporom/.venv/lib/python3.11/site-packages/django/template/base.py", line 196, in compile_nodelist
    nodelist = parser.parse()
               ^^^^^^^^^^^^^^
  File "/home/thiago/Projetos/gruporom/.venv/lib/python3.11/site-packages/django/template/base.py", line 489, in parse
    raise self.error(token, e)
  File "/home/thiago/Projetos/gruporom/.venv/lib/python3.11/site-packages/django/template/base.py", line 487, in parse
    filter_expression = self.compile_filter(token.contents)
                        ^^^^^^^^^^^^^^^^^^^^^^^^^^^^^^^^^^^
  File "/home/thiago/Projetos/gruporom/.venv/lib/python3.11/site-packages/django/template/base.py", line 609, in compile_filter
    return FilterExpression(token, self)
           ^^^^^^^^^^^^^^^^^^^^^^^^^^^^^
  File "/home/thiago/Projetos/gruporom/.venv/lib/python3.11/site-packages/django/template/base.py", line 710, in __init__
    raise TemplateSyntaxError(
django.template.exceptions.TemplateSyntaxError: Could not parse the remainder: '${i' from '${i'
ERROR 2025-08-06 08:16:36,678 runserver [35;1mHTTP GET /administracao/whatsapp/account/1/test/ 500 [0.03, 127.0.0.1:50880][0m
INFO 2025-08-06 08:17:44,721 runserver [mHTTP GET /administracao/whatsapp/ 200 [0.07, 127.0.0.1:55752][0m
INFO 2025-08-06 08:17:44,763 runserver [mHTTP GET /static/app.css 200 [0.01, 127.0.0.1:55754][0m
INFO 2025-08-06 08:17:44,765 runserver [mHTTP GET /static/style.css 200 [0.01, 127.0.0.1:55752][0m
INFO 2025-08-06 08:17:44,769 runserver [mHTTP GET /static/app.js 200 [0.01, 127.0.0.1:55768][0m
INFO 2025-08-06 08:17:44,775 runserver [mHTTP GET /static/logo_gruporom.svg 200 [0.01, 127.0.0.1:55754][0m
INFO 2025-08-06 08:17:44,808 runserver [mHTTP GET /static/fa-brands-400.32a863c5.woff2 200 [0.01, 127.0.0.1:55754][0m
INFO 2025-08-06 08:17:44,808 runserver [mHTTP GET /static/fa-solid-900.5b60a450.woff2 200 [0.01, 127.0.0.1:55752][0m
WARNING 2025-08-06 08:17:44,809 log Not Found: /favicon.ico
WARNING 2025-08-06 08:17:44,810 runserver [33mHTTP GET /favicon.ico 404 [0.01, 127.0.0.1:55768][0m
INFO 2025-08-06 08:17:46,272 runserver [mHTTP GET /administracao/whatsapp/account/1/test/ 200 [0.04, 127.0.0.1:55752][0m
INFO 2025-08-06 08:18:00,252 runserver [mHTTP GET /administracao/whatsapp/account/1/templates/ 200 [0.06, 127.0.0.1:55752][0m
INFO 2025-08-06 08:18:14,116 runserver [32mHTTP POST /administracao/whatsapp/template/3/check-status/ 302 [0.29, 127.0.0.1:55752][0m
INFO 2025-08-06 08:18:14,187 runserver [mHTTP GET /administracao/whatsapp/account/1/templates/ 200 [0.07, 127.0.0.1:55752][0m
INFO 2025-08-06 08:19:25,607 runserver [mHTTP GET /administracao/whatsapp/ 200 [0.07, 127.0.0.1:39934][0m
INFO 2025-08-06 08:19:27,889 runserver [mHTTP GET /administracao/whatsapp/account/1/edit/ 200 [0.03, 127.0.0.1:39934][0m
INFO 2025-08-06 08:19:33,728 runserver [mHTTP POST /administracao/whatsapp/account/1/edit/ 200 [0.04, 127.0.0.1:39934][0m
INFO 2025-08-06 08:19:33,795 runserver [mHTTP GET /administracao/whatsapp/ 200 [0.04, 127.0.0.1:39934][0m
INFO 2025-08-06 08:19:36,457 runserver [mHTTP GET /administracao/whatsapp/account/1/templates/ 200 [0.05, 127.0.0.1:39934][0m
INFO 2025-08-06 08:19:38,636 runserver [32mHTTP POST /administracao/whatsapp/template/3/check-status/ 302 [0.65, 127.0.0.1:39934][0m
INFO 2025-08-06 08:19:38,693 runserver [mHTTP GET /administracao/whatsapp/account/1/templates/ 200 [0.05, 127.0.0.1:39934][0m
INFO 2025-08-06 08:19:47,919 runserver [mHTTP GET /administracao/whatsapp/ 200 [0.05, 127.0.0.1:39934][0m
INFO 2025-08-06 08:19:49,951 runserver [mHTTP GET /administracao/whatsapp/account/1/test/ 200 [0.03, 127.0.0.1:39934][0m
ERROR 2025-08-06 08:19:58,778 whatsapp Erro no teste da conta 1: Could not parse the remainder: '"' from '"'
INFO 2025-08-06 08:19:58,797 runserver [mHTTP POST /administracao/whatsapp/account/1/test/ 200 [0.99, 127.0.0.1:39934][0m
INFO 2025-08-06 08:21:37,106 runserver [mHTTP GET /administracao/whatsapp/ 200 [0.05, 127.0.0.1:50840][0m
INFO 2025-08-06 08:21:37,146 runserver [mHTTP GET /static/app.css 200 [0.00, 127.0.0.1:50856][0m
INFO 2025-08-06 08:21:37,147 runserver [mHTTP GET /static/app.js 200 [0.00, 127.0.0.1:50864][0m
INFO 2025-08-06 08:21:37,148 runserver [mHTTP GET /static/style.css 200 [0.01, 127.0.0.1:50840][0m
INFO 2025-08-06 08:21:37,152 runserver [mHTTP GET /static/logo_gruporom.svg 200 [0.00, 127.0.0.1:50864][0m
INFO 2025-08-06 08:21:37,169 runserver [mHTTP GET /static/fa-solid-900.5b60a450.woff2 200 [0.00, 127.0.0.1:50856][0m
INFO 2025-08-06 08:21:37,169 runserver [mHTTP GET /static/fa-brands-400.32a863c5.woff2 200 [0.00, 127.0.0.1:50864][0m
WARNING 2025-08-06 08:21:37,175 log Not Found: /favicon.ico
WARNING 2025-08-06 08:21:37,175 runserver [33mHTTP GET /favicon.ico 404 [0.00, 127.0.0.1:50864][0m
INFO 2025-08-06 08:21:43,913 runserver [mHTTP GET /administracao/whatsapp/ 200 [0.05, 127.0.0.1:50840][0m
INFO 2025-08-06 08:21:51,083 runserver [mHTTP GET /administracao/whatsapp/account/1/test/ 200 [0.03, 127.0.0.1:50840][0m
INFO 2025-08-06 08:21:59,923 runserver [mHTTP POST /administracao/whatsapp/account/1/test/ 200 [0.66, 127.0.0.1:50840][0m
INFO 2025-08-06 08:23:39,818 runserver [mHTTP GET /administracao/whatsapp/account/1/test/ 200 [0.03, 127.0.0.1:56270][0m
INFO 2025-08-06 08:23:56,457 runserver [mHTTP POST /administracao/whatsapp/account/1/test/ 200 [0.82, 127.0.0.1:56270][0m
INFO 2025-08-06 08:43:37,893 autoreload Watching for file changes with StatReloader
INFO 2025-08-06 08:43:39,197 runserver [mHTTP GET /administracao/colaboradores/ 200 [0.08, 127.0.0.1:37032][0m
INFO 2025-08-06 08:44:39,013 runserver [mHTTP GET /administracao/whatsapp/ 200 [0.06, 127.0.0.1:42416][0m
INFO 2025-08-06 08:50:04,503 autoreload /home/thiago/Projetos/gruporom/core/views/administracao/whatsapp.py changed, reloading.
INFO 2025-08-06 08:50:04,845 autoreload Watching for file changes with StatReloader
INFO 2025-08-06 09:04:02,388 autoreload Watching for file changes with StatReloader
INFO 2025-08-06 09:05:22,971 autoreload Watching for file changes with StatReloader
ERROR 2025-08-06 09:05:25,114 log Internal Server Error: /administracao/whatsapp/
Traceback (most recent call last):
  File "/home/thiago/Projetos/gruporom/.venv/lib/python3.11/site-packages/asgiref/sync.py", line 489, in thread_handler
    raise exc_info[1]
  File "/home/thiago/Projetos/gruporom/.venv/lib/python3.11/site-packages/django/core/handlers/exception.py", line 42, in inner
    response = await get_response(request)
               ^^^^^^^^^^^^^^^^^^^^^^^^^^^
  File "/home/thiago/Projetos/gruporom/.venv/lib/python3.11/site-packages/asgiref/sync.py", line 489, in thread_handler
    raise exc_info[1]
  File "/home/thiago/Projetos/gruporom/.venv/lib/python3.11/site-packages/django/core/handlers/base.py", line 253, in _get_response_async
    response = await wrapped_callback(
               ^^^^^^^^^^^^^^^^^^^^^^^
  File "/home/thiago/Projetos/gruporom/.venv/lib/python3.11/site-packages/asgiref/sync.py", line 439, in __call__
    ret = await asyncio.shield(exec_coro)
          ^^^^^^^^^^^^^^^^^^^^^^^^^^^^^^^
  File "/home/thiago/.local/share/uv/python/cpython-3.11.13-linux-x86_64-gnu/lib/python3.11/concurrent/futures/thread.py", line 58, in run
    result = self.fn(*self.args, **self.kwargs)
             ^^^^^^^^^^^^^^^^^^^^^^^^^^^^^^^^^^
  File "/home/thiago/Projetos/gruporom/.venv/lib/python3.11/site-packages/asgiref/sync.py", line 493, in thread_handler
    return func(*args, **kwargs)
           ^^^^^^^^^^^^^^^^^^^^^
  File "/home/thiago/.local/share/uv/python/cpython-3.11.13-linux-x86_64-gnu/lib/python3.11/contextlib.py", line 81, in inner
    return func(*args, **kwds)
           ^^^^^^^^^^^^^^^^^^^
  File "/home/thiago/Projetos/gruporom/.venv/lib/python3.11/site-packages/django/contrib/auth/decorators.py", line 59, in _view_wrapper
    return view_func(request, *args, **kwargs)
           ^^^^^^^^^^^^^^^^^^^^^^^^^^^^^^^^^^^
  File "/home/thiago/Projetos/gruporom/core/decorators.py", line 43, in wrapper
    return view_func(request, *args, **kwargs)
           ^^^^^^^^^^^^^^^^^^^^^^^^^^^^^^^^^^^
  File "/home/thiago/Projetos/gruporom/core/views/administracao/whatsapp.py", line 65, in dashboard
    templates = WhatsAppTemplate.objects.select_related('account').order_by('-created_at')[:10]
                ^^^^^^^^^^^^^^^^^^^^^^^^^^^^^^^^^^^^^^^^^^^^^^^^^^^^^^^^^^^^^^^^^^^^^^^^^^
  File "/home/thiago/Projetos/gruporom/.venv/lib/python3.11/site-packages/django/db/models/query.py", line 1722, in order_by
    obj.query.add_ordering(*field_names)
  File "/home/thiago/Projetos/gruporom/.venv/lib/python3.11/site-packages/django/db/models/sql/query.py", line 2291, in add_ordering
    self.names_to_path(item.split(LOOKUP_SEP), self.model._meta)
  File "/home/thiago/Projetos/gruporom/.venv/lib/python3.11/site-packages/django/db/models/sql/query.py", line 1805, in names_to_path
    raise FieldError(
django.core.exceptions.FieldError: Cannot resolve keyword 'created_at' into field. Choices are: account, account_id, atualizado_em, body_text, buttons_config, category, criado_em, criado_por, criado_por_id, display_name, footer_text, has_buttons, header_text, id, is_active, language, name, rejection_reason, status, template_id, variables_examples
ERROR 2025-08-06 09:05:25,117 runserver [35;1mHTTP GET /administracao/whatsapp/ 500 [0.11, 127.0.0.1:43912][0m
INFO 2025-08-06 09:05:42,136 autoreload Watching for file changes with StatReloader
INFO 2025-08-06 09:06:12,612 autoreload /home/thiago/Projetos/gruporom/core/views/administracao/whatsapp.py changed, reloading.
INFO 2025-08-06 09:06:12,948 autoreload Watching for file changes with StatReloader
ERROR 2025-08-06 09:06:48,890 log Internal Server Error: /administracao/whatsapp/
Traceback (most recent call last):
  File "/home/thiago/Projetos/gruporom/.venv/lib/python3.11/site-packages/asgiref/sync.py", line 489, in thread_handler
    raise exc_info[1]
  File "/home/thiago/Projetos/gruporom/.venv/lib/python3.11/site-packages/django/core/handlers/exception.py", line 42, in inner
    response = await get_response(request)
               ^^^^^^^^^^^^^^^^^^^^^^^^^^^
  File "/home/thiago/Projetos/gruporom/.venv/lib/python3.11/site-packages/asgiref/sync.py", line 489, in thread_handler
    raise exc_info[1]
  File "/home/thiago/Projetos/gruporom/.venv/lib/python3.11/site-packages/django/core/handlers/base.py", line 253, in _get_response_async
    response = await wrapped_callback(
               ^^^^^^^^^^^^^^^^^^^^^^^
  File "/home/thiago/Projetos/gruporom/.venv/lib/python3.11/site-packages/asgiref/sync.py", line 439, in __call__
    ret = await asyncio.shield(exec_coro)
          ^^^^^^^^^^^^^^^^^^^^^^^^^^^^^^^
  File "/home/thiago/.local/share/uv/python/cpython-3.11.13-linux-x86_64-gnu/lib/python3.11/concurrent/futures/thread.py", line 58, in run
    result = self.fn(*self.args, **self.kwargs)
             ^^^^^^^^^^^^^^^^^^^^^^^^^^^^^^^^^^
  File "/home/thiago/Projetos/gruporom/.venv/lib/python3.11/site-packages/asgiref/sync.py", line 493, in thread_handler
    return func(*args, **kwargs)
           ^^^^^^^^^^^^^^^^^^^^^
  File "/home/thiago/.local/share/uv/python/cpython-3.11.13-linux-x86_64-gnu/lib/python3.11/contextlib.py", line 81, in inner
    return func(*args, **kwds)
           ^^^^^^^^^^^^^^^^^^^
  File "/home/thiago/Projetos/gruporom/.venv/lib/python3.11/site-packages/django/contrib/auth/decorators.py", line 59, in _view_wrapper
    return view_func(request, *args, **kwargs)
           ^^^^^^^^^^^^^^^^^^^^^^^^^^^^^^^^^^^
  File "/home/thiago/Projetos/gruporom/core/decorators.py", line 43, in wrapper
    return view_func(request, *args, **kwargs)
           ^^^^^^^^^^^^^^^^^^^^^^^^^^^^^^^^^^^
  File "/home/thiago/Projetos/gruporom/core/views/administracao/whatsapp.py", line 79, in dashboard
    return render(request, 'administracao/whatsapp/dashboard.html', context)
           ^^^^^^^^^^^^^^^^^^^^^^^^^^^^^^^^^^^^^^^^^^^^^^^^^^^^^^^^^^^^^^^^^
  File "/home/thiago/Projetos/gruporom/.venv/lib/python3.11/site-packages/django/shortcuts.py", line 25, in render
    content = loader.render_to_string(template_name, context, request, using=using)
              ^^^^^^^^^^^^^^^^^^^^^^^^^^^^^^^^^^^^^^^^^^^^^^^^^^^^^^^^^^^^^^^^^^^^^
  File "/home/thiago/Projetos/gruporom/.venv/lib/python3.11/site-packages/django/template/loader.py", line 62, in render_to_string
    return template.render(context, request)
           ^^^^^^^^^^^^^^^^^^^^^^^^^^^^^^^^^
  File "/home/thiago/Projetos/gruporom/.venv/lib/python3.11/site-packages/django/template/backends/django.py", line 107, in render
    return self.template.render(context)
           ^^^^^^^^^^^^^^^^^^^^^^^^^^^^^
  File "/home/thiago/Projetos/gruporom/.venv/lib/python3.11/site-packages/django/template/base.py", line 171, in render
    return self._render(context)
           ^^^^^^^^^^^^^^^^^^^^^
  File "/home/thiago/Projetos/gruporom/.venv/lib/python3.11/site-packages/django/template/base.py", line 163, in _render
    return self.nodelist.render(context)
           ^^^^^^^^^^^^^^^^^^^^^^^^^^^^^
  File "/home/thiago/Projetos/gruporom/.venv/lib/python3.11/site-packages/django/template/base.py", line 1016, in render
    return SafeString("".join([node.render_annotated(context) for node in self]))
                              ^^^^^^^^^^^^^^^^^^^^^^^^^^^^^^^^^^^^^^^^^^^^^^^^^
  File "/home/thiago/Projetos/gruporom/.venv/lib/python3.11/site-packages/django/template/base.py", line 1016, in <listcomp>
    return SafeString("".join([node.render_annotated(context) for node in self]))
                               ^^^^^^^^^^^^^^^^^^^^^^^^^^^^^^
  File "/home/thiago/Projetos/gruporom/.venv/lib/python3.11/site-packages/django/template/base.py", line 977, in render_annotated
    return self.render(context)
           ^^^^^^^^^^^^^^^^^^^^
  File "/home/thiago/Projetos/gruporom/.venv/lib/python3.11/site-packages/django/template/loader_tags.py", line 159, in render
    return compiled_parent._render(context)
           ^^^^^^^^^^^^^^^^^^^^^^^^^^^^^^^^
  File "/home/thiago/Projetos/gruporom/.venv/lib/python3.11/site-packages/django/template/base.py", line 163, in _render
    return self.nodelist.render(context)
           ^^^^^^^^^^^^^^^^^^^^^^^^^^^^^
  File "/home/thiago/Projetos/gruporom/.venv/lib/python3.11/site-packages/django/template/base.py", line 1016, in render
    return SafeString("".join([node.render_annotated(context) for node in self]))
                              ^^^^^^^^^^^^^^^^^^^^^^^^^^^^^^^^^^^^^^^^^^^^^^^^^
  File "/home/thiago/Projetos/gruporom/.venv/lib/python3.11/site-packages/django/template/base.py", line 1016, in <listcomp>
    return SafeString("".join([node.render_annotated(context) for node in self]))
                               ^^^^^^^^^^^^^^^^^^^^^^^^^^^^^^
  File "/home/thiago/Projetos/gruporom/.venv/lib/python3.11/site-packages/django/template/base.py", line 977, in render_annotated
    return self.render(context)
           ^^^^^^^^^^^^^^^^^^^^
  File "/home/thiago/Projetos/gruporom/.venv/lib/python3.11/site-packages/django/template/loader_tags.py", line 65, in render
    result = block.nodelist.render(context)
             ^^^^^^^^^^^^^^^^^^^^^^^^^^^^^^
  File "/home/thiago/Projetos/gruporom/.venv/lib/python3.11/site-packages/django/template/base.py", line 1016, in render
    return SafeString("".join([node.render_annotated(context) for node in self]))
                              ^^^^^^^^^^^^^^^^^^^^^^^^^^^^^^^^^^^^^^^^^^^^^^^^^
  File "/home/thiago/Projetos/gruporom/.venv/lib/python3.11/site-packages/django/template/base.py", line 1016, in <listcomp>
    return SafeString("".join([node.render_annotated(context) for node in self]))
                               ^^^^^^^^^^^^^^^^^^^^^^^^^^^^^^
  File "/home/thiago/Projetos/gruporom/.venv/lib/python3.11/site-packages/django/template/base.py", line 977, in render_annotated
    return self.render(context)
           ^^^^^^^^^^^^^^^^^^^^
  File "/home/thiago/Projetos/gruporom/.venv/lib/python3.11/site-packages/django/template/defaulttags.py", line 327, in render
    return nodelist.render(context)
           ^^^^^^^^^^^^^^^^^^^^^^^^
  File "/home/thiago/Projetos/gruporom/.venv/lib/python3.11/site-packages/django/template/base.py", line 1016, in render
    return SafeString("".join([node.render_annotated(context) for node in self]))
                              ^^^^^^^^^^^^^^^^^^^^^^^^^^^^^^^^^^^^^^^^^^^^^^^^^
  File "/home/thiago/Projetos/gruporom/.venv/lib/python3.11/site-packages/django/template/base.py", line 1016, in <listcomp>
    return SafeString("".join([node.render_annotated(context) for node in self]))
                               ^^^^^^^^^^^^^^^^^^^^^^^^^^^^^^
  File "/home/thiago/Projetos/gruporom/.venv/lib/python3.11/site-packages/django/template/base.py", line 977, in render_annotated
    return self.render(context)
           ^^^^^^^^^^^^^^^^^^^^
  File "/home/thiago/Projetos/gruporom/.venv/lib/python3.11/site-packages/django/template/defaulttags.py", line 243, in render
    nodelist.append(node.render_annotated(context))
                    ^^^^^^^^^^^^^^^^^^^^^^^^^^^^^^
  File "/home/thiago/Projetos/gruporom/.venv/lib/python3.11/site-packages/django/template/base.py", line 977, in render_annotated
    return self.render(context)
           ^^^^^^^^^^^^^^^^^^^^
  File "/home/thiago/Projetos/gruporom/.venv/lib/python3.11/site-packages/django/template/defaulttags.py", line 480, in render
    url = reverse(view_name, args=args, kwargs=kwargs, current_app=current_app)
          ^^^^^^^^^^^^^^^^^^^^^^^^^^^^^^^^^^^^^^^^^^^^^^^^^^^^^^^^^^^^^^^^^^^^^
  File "/home/thiago/Projetos/gruporom/.venv/lib/python3.11/site-packages/django/urls/base.py", line 98, in reverse
    resolved_url = resolver._reverse_with_prefix(view, prefix, *args, **kwargs)
                   ^^^^^^^^^^^^^^^^^^^^^^^^^^^^^^^^^^^^^^^^^^^^^^^^^^^^^^^^^^^^
  File "/home/thiago/Projetos/gruporom/.venv/lib/python3.11/site-packages/django/urls/resolvers.py", line 831, in _reverse_with_prefix
    raise NoReverseMatch(msg)
django.urls.exceptions.NoReverseMatch: Reverse for 'template_preview' not found. 'template_preview' is not a valid view function or pattern name.
ERROR 2025-08-06 09:06:48,893 runserver [35;1mHTTP GET /administracao/whatsapp/ 500 [0.21, 127.0.0.1:55934][0m
INFO 2025-08-06 09:07:42,668 runserver [mHTTP GET /administracao/whatsapp/ 200 [0.05, 127.0.0.1:55934][0m
INFO 2025-08-06 09:07:53,532 runserver [mHTTP GET /administracao/whatsapp/account/1/templates/ 200 [0.06, 127.0.0.1:37712][0m
INFO 2025-08-06 09:14:23,475 runserver [mHTTP GET /administracao/whatsapp/account/1/templates/ 200 [0.05, 127.0.0.1:51296][0m
INFO 2025-08-06 09:14:23,504 runserver [mHTTP GET /static/app.css 200 [0.01, 127.0.0.1:51306][0m
INFO 2025-08-06 09:14:23,505 runserver [mHTTP GET /static/style.css 200 [0.01, 127.0.0.1:51296][0m
INFO 2025-08-06 09:14:23,506 runserver [mHTTP GET /static/app.js 200 [0.01, 127.0.0.1:51310][0m
INFO 2025-08-06 09:14:23,507 runserver [mHTTP GET /static/logo_gruporom.svg 200 [0.00, 127.0.0.1:51306][0m
INFO 2025-08-06 09:14:23,531 runserver [mHTTP GET /static/fa-solid-900.5b60a450.woff2 200 [0.00, 127.0.0.1:51306][0m
INFO 2025-08-06 09:14:23,531 runserver [mHTTP GET /static/fa-brands-400.32a863c5.woff2 200 [0.00, 127.0.0.1:51296][0m
WARNING 2025-08-06 09:14:23,532 log Not Found: /favicon.ico
WARNING 2025-08-06 09:14:23,532 runserver [33mHTTP GET /favicon.ico 404 [0.01, 127.0.0.1:51310][0m
INFO 2025-08-06 09:14:26,485 runserver [mHTTP GET /administracao/whatsapp/ 200 [0.06, 127.0.0.1:51296][0m
INFO 2025-08-06 09:14:30,654 runserver [mHTTP GET /administracao/whatsapp/template/3/preview/ 200 [0.03, 127.0.0.1:51296][0m
INFO 2025-08-06 09:14:52,808 runserver [mHTTP GET /administracao/whatsapp/account/1/templates/ 200 [0.06, 127.0.0.1:51296][0m
INFO 2025-08-06 09:14:55,793 runserver [mHTTP GET /administracao/whatsapp/template/3/preview/ 200 [0.02, 127.0.0.1:51296][0m
INFO 2025-08-06 09:15:58,317 runserver [mHTTP GET /administracao/whatsapp/chat/1/ 200 [0.05, 127.0.0.1:46804][0m
INFO 2025-08-06 09:15:58,361 runserver WebSocket HANDSHAKING /ws/whatsapp/1/ [127.0.0.1:46812]
INFO 2025-08-06 09:15:58,408 runserver WebSocket CONNECT /ws/whatsapp/1/ [127.0.0.1:46812]
INFO 2025-08-06 09:16:01,089 runserver WebSocket DISCONNECT /ws/whatsapp/1/ [127.0.0.1:46812]
INFO 2025-08-06 09:16:07,210 runserver [mHTTP GET /administracao/whatsapp/chat/1/ 200 [0.05, 127.0.0.1:46804][0m
INFO 2025-08-06 09:16:07,244 runserver WebSocket HANDSHAKING /ws/whatsapp/1/ [127.0.0.1:46824]
INFO 2025-08-06 09:16:07,253 runserver WebSocket CONNECT /ws/whatsapp/1/ [127.0.0.1:46824]
INFO 2025-08-06 09:17:15,139 runserver WebSocket DISCONNECT /ws/whatsapp/1/ [127.0.0.1:46824]
INFO 2025-08-06 09:17:15,198 runserver [mHTTP GET /administracao/whatsapp/ 200 [0.05, 127.0.0.1:38992][0m
INFO 2025-08-06 09:17:21,262 runserver [mHTTP GET /administracao/whatsapp/account/1/templates/ 200 [0.06, 127.0.0.1:38992][0m
INFO 2025-08-06 09:17:24,196 runserver [mHTTP GET /administracao/whatsapp/template/3/preview/ 200 [0.02, 127.0.0.1:38992][0m
INFO 2025-08-06 09:17:29,662 runserver [mHTTP GET /administracao/whatsapp/account/create/ 200 [0.04, 127.0.0.1:38992][0m
INFO 2025-08-06 09:17:37,330 runserver [mHTTP GET /administracao/whatsapp/account/1/test/ 200 [0.03, 127.0.0.1:38992][0m
